===== Global Symbol Table =====
putchar	int(int)
getchar	int(void)
le_double	double(void)
w1	int(void)
w2	int(void)
w	int(void)
relf	int(void)
aaa	int
meeeh	int(void)
g1	int
g2	int
g3	int
flow	int(void)
flow2	int(int,int)
shapo	int(void)
AND	int(void)
OR	void(void)
XOR	void(void)
rel	void(void)
f1	int(int,double)
f2	int(int)
f3	int(int,double)
boo	int(int)
a	int
f10s	short(void)
main	int(void)
f10	int(int)
f10c	char(void)
f10d	double(void)

===== Function le_double Symbol Table =====
return	double

===== Function w1 Symbol Table =====
return	int
a	int

===== Function w2 Symbol Table =====
return	int

===== Function w Symbol Table =====
return	int
a	int
b	int

===== Function relf Symbol Table =====
return	int
a	int

===== Function meeeh Symbol Table =====
return	int
a	int

===== Function flow Symbol Table =====
return	int

===== Function flow2 Symbol Table =====
return	int
a	int	param
b	int	param

===== Function shapo Symbol Table =====
return	int

===== Function AND Symbol Table =====
return	int
b	int
c	int
bb	int

===== Function OR Symbol Table =====
return	void
c	int

===== Function XOR Symbol Table =====
return	void

===== Function rel Symbol Table =====
return	void
a	int

===== Function f1 Symbol Table =====
return	int
a	int	param
d	double	param

===== Function f2 Symbol Table =====
return	int
i	int	param
a	int
b	int

===== Function f3 Symbol Table =====
return	int
a	int	param
d	double	param

===== Function boo Symbol Table =====
return	int
b	int	param

===== Function f10s Symbol Table =====
return	short

===== Function main Symbol Table =====
return	int
a	int
e	char
i	int
s	short
c	char
d	double
ddd	double
exp	double
inteiro	int
rr	int
dd	double
b	int

===== Function f10 Symbol Table =====
return	int
a	int	param

===== Function f10c Symbol Table =====
return	char

===== Function f10d Symbol Table =====
return	double

Program
..FuncDefinition
....Double
....Id(le_double)
....ParamList
......ParamDeclaration
........Void
....FuncBody
......Return
........Add - int
..........IntLit(1) - int
..........IntLit(1) - int
..FuncDefinition
....Int
....Id(w1)
....ParamList
......ParamDeclaration
........Void
....FuncBody
......Declaration
........Int
........Id(a)
........IntLit(1) - int
......If
........Id(a) - int
........Null
........Null
......Return
........IntLit(1) - int
..FuncDefinition
....Int
....Id(w2)
....ParamList
......ParamDeclaration
........Void
....FuncBody
......Return
........IntLit(0) - int
..FuncDefinition
....Int
....Id(w)
....ParamList
......ParamDeclaration
........Void
....FuncBody
......Declaration
........Int
........Id(a)
........IntLit(1) - int
......Declaration
........Int
........Id(b)
........IntLit(10) - int
......While
........Ne - int
..........Id(a) - int
..........Id(b) - int
........StatList
..........Store - int
............Id(a) - int
............Add - int
..............Id(a) - int
..............IntLit(1) - int
..........While
............Ne - int
..............Id(a) - int
..............Id(b) - int
............StatList
..............Store - int
................Id(a) - int
................Add - int
..................Id(a) - int
..................IntLit(1) - int
..............While
................Ne - int
..................Id(a) - int
..................Id(b) - int
................Store - int
..................Id(a) - int
..................Add - int
....................Id(a) - int
....................IntLit(1) - int
......Return
........IntLit(1) - int
..FuncDefinition
....Int
....Id(relf)
....ParamList
......ParamDeclaration
........Void
....FuncBody
......Declaration
........Int
........Id(a)
......Return
........IntLit(100) - int
..Declaration
....Int
....Id(aaa)
....IntLit(1) - int
..FuncDefinition
....Int
....Id(meeeh)
....ParamList
......ParamDeclaration
........Void
....FuncBody
......Declaration
........Int
........Id(a)
......Return
........IntLit(100) - int
..Declaration
....Int
....Id(g1)
....IntLit(0) - int
..Declaration
....Int
....Id(g2)
....IntLit(0) - int
..Declaration
....Int
....Id(g3)
..FuncDefinition
....Int
....Id(flow)
....ParamList
......ParamDeclaration
........Void
....FuncBody
..FuncDefinition
....Int
....Id(flow2)
....ParamList
......ParamDeclaration
........Int
........Id(a)
......ParamDeclaration
........Int
........Id(b)
....FuncBody
......If
........Eq - int
..........Id(a) - int
..........IntLit(1) - int
........Store - int
..........Id(b) - int
..........IntLit(3) - int
........Null
......Return
........IntLit(0) - int
..FuncDefinition
....Int
....Id(shapo)
....ParamList
......ParamDeclaration
........Void
....FuncBody
......Return
........IntLit(100) - int
..FuncDefinition
....Int
....Id(AND)
....ParamList
......ParamDeclaration
........Void
....FuncBody
......Declaration
........Int
........Id(b)
........Or - int
..........Id(aaa) - int
..........And - int
............And - int
..............And - int
................Call - int
..................Id(meeeh) - int(void)
................Call - int
..................Id(shapo) - int(void)
..............Call - int
................Id(meeeh) - int(void)
............Call - int
..............Id(shapo) - int(void)
......Declaration
........Int
........Id(c)
........Or - int
..........Id(aaa) - int
..........And - int
............And - int
..............And - int
................Call - int
..................Id(meeeh) - int(void)
................Call - int
..................Id(shapo) - int(void)
..............Call - int
................Id(meeeh) - int(void)
............Call - int
..............Id(shapo) - int(void)
......Declaration
........Int
........Id(bb)
........And - int
..........Call - int
............Id(relf) - int(void)
..........Call - int
............Id(meeeh) - int(void)
......Return
........IntLit(1) - int
..FuncDefinition
....Void
....Id(OR)
....ParamList
......ParamDeclaration
........Void
....FuncBody
......Declaration
........Int
........Id(c)
........Or - int
..........Id(aaa) - int
..........And - int
............And - int
..............And - int
................Call - int
..................Id(meeeh) - int(void)
................Call - int
..................Id(shapo) - int(void)
..............Call - int
................Id(meeeh) - int(void)
............Call - int
..............Id(shapo) - int(void)
..FuncDefinition
....Void
....Id(XOR)
....ParamList
......ParamDeclaration
........Void
....FuncBody
..FuncDefinition
....Void
....Id(rel)
....ParamList
......ParamDeclaration
........Void
....FuncBody
......Declaration
........Int
........Id(a)
......If
........Eq - int
..........Call - int
............Id(relf) - int(void)
..........Call - int
............Id(meeeh) - int(void)
........Null
........Null
..FuncDeclaration
....Int
....Id(f1)
....ParamList
......ParamDeclaration
........Int
........Id(a)
......ParamDeclaration
........Double
........Id(d)
..FuncDefinition
....Int
....Id(f2)
....ParamList
......ParamDeclaration
........Int
........Id(i)
....FuncBody
......Declaration
........Int
........Id(a)
......Declaration
........Int
........Id(b)
......Store - int
........Id(a) - int
........IntLit(1) - int
......Store - int
........Id(b) - int
........Add - int
..........Id(a) - int
..........IntLit(1) - int
......Return
........IntLit(105) - int
..FuncDefinition
....Int
....Id(f3)
....ParamList
......ParamDeclaration
........Int
........Id(a)
......ParamDeclaration
........Double
........Id(d)
....FuncBody
......Return
........Add - int
..........IntLit(105) - int
..........Id(a) - int
..FuncDefinition
....Int
....Id(boo)
....ParamList
......ParamDeclaration
........Int
........Id(b)
....FuncBody
......Call - int
........Id(putchar) - int(int)
........Id(b) - int
......Return
........Id(b) - int
..Declaration
....Int
....Id(a)
....IntLit(2) - int
..FuncDeclaration
....Short
....Id(f10s)
....ParamList
......ParamDeclaration
........Void
..FuncDefinition
....Int
....Id(main)
....ParamList
......ParamDeclaration
........Void
....FuncBody
......Declaration
........Int
........Id(a)
........Or - int
..........Call - int
............Id(boo) - int(int)
............IntLit(1) - int
..........Call - int
............Id(boo) - int(int)
............IntLit(2) - int
......Call - void
........Id(rel) - void(void)
......Store - int
........Id(a) - int
........ChrLit('\12') - int
......Declaration
........Char
........Id(e)
........ChrLit(',') - int
......Declaration
........Int
........Id(i)
........Call - int
..........Id(f3) - int(int,double)
..........IntLit(1) - int
..........RealLit(1.1) - double
......Declaration
........Short
........Id(s)
........Add - int
..........Add - int
............Add - int
..............IntLit(1) - int
..............ChrLit('\n') - int
............IntLit(1) - int
..........Store - int
............Id(i) - int
............IntLit(101) - int
......Declaration
........Char
........Id(c)
........Add - int
..........Add - int
............Add - int
..............IntLit(1) - int
..............IntLit(1) - int
............IntLit(1) - int
..........IntLit(90) - int
......Declaration
........Double
........Id(d)
........Add - double
..........Mod - int
............IntLit(1) - int
............IntLit(5) - int
..........Mul - double
............IntLit(1) - int
............RealLit(1.1) - double
......Declaration
........Double
........Id(ddd)
........Add - double
..........RealLit(1.1) - double
..........Mul - double
............IntLit(1) - int
............RealLit(1.1) - double
......Declaration
........Double
........Id(exp)
........Add - double
..........RealLit(2e2) - double
..........Or - int
............And - int
..............And - int
................Call - int
..................Id(boo) - int(int)
..................IntLit(1) - int
................Call - int
..................Id(boo) - int(int)
..................IntLit(0) - int
..............Call - int
................Id(boo) - int(int)
................IntLit(1) - int
............Call - int
..............Id(boo) - int(int)
..............IntLit(2) - int
......Store - double
........Id(d) - double
........Call - int
..........Id(f2) - int(int)
..........Add - int
............IntLit(1) - int
............IntLit(1) - int
......Store - double
........Id(d) - double
........IntLit(1) - int
......Store - short
........Id(s) - short
........IntLit(1) - int
......Store - char
........Id(c) - char
........IntLit(1) - int
......Declaration
........Int
........Id(inteiro)
........Add - int
..........Add - int
............Add - int
..............Add - int
................Add - int
..................IntLit(1) - int
..................Mul - int
....................IntLit(3) - int
....................Minus - int
......................Plus - int
........................Minus - int
..........................Plus - int
............................Minus - int
..............................BitWiseAnd - int
................................IntLit(33) - int
................................And - int
..................................IntLit(2) - int
..................................Plus - int
....................................Minus - int
......................................Plus - int
........................................Minus - int
..........................................Plus - int
............................................Minus - int
..............................................Call - int
................................................Id(boo) - int(int)
................................................IntLit(72) - int
................IntLit(4) - int
..............IntLit(6) - int
............IntLit(43) - int
..........Mul - int
............ChrLit('a') - int
............ChrLit('r') - int
......Declaration
........Int
........Id(rr)
......Store - int
........Id(rr) - int
........IntLit(97) - int
......Call - int
........Id(putchar) - int(int)
........Id(rr) - int
......Store - int
........Id(a) - int
........IntLit(99) - int
......Call - int
........Id(putchar) - int(int)
........Id(a) - int
......Call - int
........Id(putchar) - int(int)
........Store - int
..........Id(a) - int
..........IntLit(100) - int
......Call - int
........Id(f1) - int(int,double)
........IntLit(10) - int
........IntLit(3) - int
......Call - int
........Id(boo) - int(int)
........IntLit(99) - int
......Call - int
........Id(putchar) - int(int)
........Id(inteiro) - int
......Call - int
........Id(putchar) - int(int)
........Add - int
..........Call - int
............Id(boo) - int(int)
............IntLit(99) - int
..........IntLit(10) - int
......Call - int
........Id(putchar) - int(int)
........ChrLit('\060') - int
......Call - int
........Id(putchar) - int(int)
........ChrLit('\60') - int
......Call - int
........Id(putchar) - int(int)
........Call - int
..........Id(f2) - int(int)
..........IntLit(1) - int
......Call - int
........Id(putchar) - int(int)
........Call - int
..........Id(f3) - int(int,double)
..........Minus - int
............IntLit(1) - int
..........RealLit(1.1) - double
......Call - int
........Id(putchar) - int(int)
........Mul - int
..........ChrLit('\n') - int
..........IntLit(9) - int
......Call - int
........Id(putchar) - int(int)
........ChrLit('\t') - int
......Call - int
........Id(putchar) - int(int)
........ChrLit('\'') - int
......Call - int
........Id(putchar) - int(int)
........ChrLit('\"') - int
......Call - int
........Id(putchar) - int(int)
........ChrLit('\\') - int
......Call - int
........Id(putchar) - int(int)
........Id(a) - int
......Call - int
........Id(putchar) - int(int)
........Add - int
..........Id(e) - char
..........Not - int
............IntLit(0) - int
......Call - int
........Id(putchar) - int(int)
........Add - int
..........Id(i) - int
..........Not - int
............IntLit(1) - int
......Call - int
........Id(putchar) - int(int)
........ChrLit('\100') - int
......Call - int
........Id(putchar) - int(int)
........Mod - int
..........IntLit(97) - int
..........IntLit(140) - int
......Call - int
........Id(putchar) - int(int)
........ChrLit('\n') - int
......Call - int
........Id(putchar) - int(int)
........Sub - int
..........Id(e) - char
..........Eq - int
............IntLit(1) - int
............IntLit(1) - int
......Call - int
........Id(putchar) - int(int)
........Sub - int
..........Add - int
............Add - int
..............IntLit(97) - int
..............Mul - int
................Le - int
..................IntLit(1) - int
..................RealLit(1.1) - double
................BitWiseAnd - int
..................IntLit(2) - int
..................IntLit(1) - int
............BitWiseOr - int
..............IntLit(10) - int
..............IntLit(5) - int
..........BitWiseXor - int
............IntLit(2) - int
............IntLit(10) - int
......Call - int
........Id(putchar) - int(int)
........Add - int
..........IntLit(97) - int
..........And - int
............Call - int
..............Id(boo) - int(int)
..............IntLit(0) - int
............Call - int
..............Id(boo) - int(int)
..............IntLit(0) - int
......Declaration
........Double
........Id(dd)
........Mul - int
..........Id(a) - int
..........Id(a) - int
......Call - int
........Id(putchar) - int(int)
........Add - int
..........IntLit(96) - int
..........And - int
............And - int
..............Call - int
................Id(boo) - int(int)
................IntLit(1) - int
..............Call - int
................Id(boo) - int(int)
................IntLit(0) - int
............Or - int
..............Call - int
................Id(boo) - int(int)
................IntLit(1) - int
..............And - int
................Call - int
..................Id(boo) - int(int)
..................IntLit(2) - int
................Or - int
..................Call - int
....................Id(boo) - int(int)
....................IntLit(1) - int
..................Call - int
....................Id(boo) - int(int)
....................IntLit(2) - int
......Call - int
........Id(putchar) - int(int)
........ChrLit('1') - int
......Call - int
........Id(putchar) - int(int)
........IntLit(011710) - int
......Call - int
........Id(putchar) - int(int)
........Add - int
..........Add - int
............Sub - int
..............Add - int
................IntLit(2) - int
................IntLit(3) - int
..............Plus - int
................Minus - int
..................IntLit(4) - int
............IntLit(1) - int
..........Mod - int
............ChrLit('A') - int
............IntLit(90) - int
......Call - int
........Id(putchar) - int(int)
........Add - int
..........Add - int
............Sub - int
..............Add - int
................IntLit(2) - int
................IntLit(3) - int
..............Plus - int
................IntLit(4) - int
............IntLit(1) - int
..........ChrLit('A') - int
......Call - int
........Id(putchar) - int(int)
........Comma - int
..........Comma - int
............Call - int
..............Id(boo) - int(int)
..............IntLit(104) - int
............Call - int
..............Id(relf) - int(void)
..........IntLit(97) - int
......Declaration
........Int
........Id(b)
........IntLit(0) - int
......Store - int
........Id(b) - int
........Mul - int
..........Id(b) - int
..........Minus - int
............IntLit(1) - int
......If
........Ne - int
..........Add - int
............Id(g2) - int
............Id(g1) - int
..........IntLit(1) - int
........StatList
..........Store - int
............Id(g3) - int
............IntLit(1) - int
..........If
............Ne - int
..............Call - int
................Id(meeeh) - int(void)
..............And - int
................And - int
..................Call - int
....................Id(relf) - int(void)
..................Id(g1) - int
................Id(aaa) - int
............StatList
..............Call - int
................Id(putchar) - int(int)
................IntLit(101) - int
..............Store - int
................Id(g3) - int
................IntLit(1) - int
............Call - int
..............Id(putchar) - int(int)
..............IntLit(102) - int
..........Call - int
............Id(putchar) - int(int)
............IntLit(103) - int
..........Store - int
............Id(g3) - int
............IntLit(1) - int
..........If
............Ne - int
..............Call - int
................Id(meeeh) - int(void)
..............And - int
................And - int
..................Call - int
....................Id(relf) - int(void)
..................Id(g1) - int
................Id(aaa) - int
............StatList
..............Call - int
................Id(putchar) - int(int)
................IntLit(104) - int
..............Store - int
................Id(g3) - int
................IntLit(1) - int
............Call - int
..............Id(putchar) - int(int)
..............IntLit(105) - int
..........Call - int
............Id(putchar) - int(int)
............IntLit(106) - int
........StatList
..........Call - int
............Id(putchar) - int(int)
............IntLit(107) - int
..........Store - int
............Id(g2) - int
............IntLit(1) - int
......And - int
........And - int
..........And - int
............And - int
..............Call - int
................Id(boo) - int(int)
................IntLit(1) - int
..............Call - int
................Id(boo) - int(int)
................IntLit(2) - int
............Call - int
..............Id(boo) - int(int)
..............IntLit(3) - int
..........Call - int
............Id(boo) - int(int)
............IntLit(10) - int
........Call - int
..........Id(boo) - int(int)
..........IntLit(40) - int
......While
........Comma - int
..........And - int
............Add - int
..............Call - int
................Id(boo) - int(int)
................IntLit(90) - int
..............IntLit(1) - int
............And - int
..............Call - int
................Id(boo) - int(int)
................IntLit(30) - int
..............Call - int
................Id(boo) - int(int)
................IntLit(60) - int
..........Lt - int
............Id(b) - int
............IntLit(10) - int
........StatList
..........Store - int
............Id(b) - int
............Add - int
..............Id(b) - int
..............IntLit(1) - int
..........If
............Lt - int
..............Id(b) - int
..............IntLit(5) - int
............Call - int
..............Id(putchar) - int(int)
..............IntLit(66) - int
............Call - int
..............Id(putchar) - int(int)
..............IntLit(99) - int
..........Call - int
............Id(putchar) - int(int)
............IntLit(97) - int
......While
........Comma - int
..........And - int
............Add - int
..............Call - int
................Id(boo) - int(int)
................IntLit(90) - int
..............IntLit(1) - int
............And - int
..............Call - int
................Id(boo) - int(int)
................IntLit(30) - int
..............Call - int
................Id(boo) - int(int)
................IntLit(60) - int
..........Lt - int
............Id(b) - int
............IntLit(10) - int
........StatList
..........Store - int
............Id(b) - int
............Add - int
..............Id(b) - int
..............IntLit(1) - int
..........If
............Lt - int
..............Id(b) - int
..............IntLit(5) - int
............Return
..............IntLit(1) - int
............Call - int
..............Id(putchar) - int(int)
..............IntLit(99) - int
..........Call - int
............Id(putchar) - int(int)
............IntLit(97) - int
......While
........Comma - int
..........And - int
............Add - int
..............Call - int
................Id(boo) - int(int)
................IntLit(90) - int
..............IntLit(1) - int
............And - int
..............Call - int
................Id(boo) - int(int)
................IntLit(30) - int
..............Call - int
................Id(boo) - int(int)
................IntLit(60) - int
..........Lt - int
............Id(b) - int
............IntLit(10) - int
........StatList
..........Store - int
............Id(b) - int
............Add - int
..............Id(b) - int
..............IntLit(1) - int
..........If
............Lt - int
..............Id(b) - int
..............IntLit(5) - int
............Call - int
..............Id(putchar) - int(int)
..............IntLit(99) - int
............Return
..............IntLit(1) - int
..........Call - int
............Id(putchar) - int(int)
............IntLit(97) - int
......If
........BitWiseXor - int
..........Id(a) - int
..........IntLit(1) - int
........Call - int
..........Id(putchar) - int(int)
..........IntLit(67) - int
........Null
......Call - int
........Id(putchar) - int(int)
........IntLit(67) - int
......Call - int
........Id(putchar) - int(int)
........IntLit(108) - int
......Call - int
........Id(putchar) - int(int)
........IntLit(0141) - int
......Call - int
........Id(putchar) - int(int)
........IntLit(10) - int
......Call - int
........Id(putchar) - int(int)
........IntLit(0141) - int
......Call - int
........Id(putchar) - int(int)
........Call - int
..........Id(f1) - int(int,double)
..........IntLit(97) - int
..........RealLit(1.1) - double
......Call - int
........Id(putchar) - int(int)
........Call - short
..........Id(f10s) - short(void)
......Return
........IntLit(0) - int
..FuncDefinition
....Int
....Id(f1)
....ParamList
......ParamDeclaration
........Int
........Id(a)
......ParamDeclaration
........Double
........Id(d)
....FuncBody
......Call - int
........Id(putchar) - int(int)
........Call - int
..........Id(boo) - int(int)
..........IntLit(90) - int
......Return
........IntLit(1) - int
..FuncDefinition
....Int
....Id(f10)
....ParamList
......ParamDeclaration
........Int
........Id(a)
....FuncBody
......Return
........IntLit(1) - int
..FuncDefinition
....Short
....Id(f10s)
....ParamList
......ParamDeclaration
........Void
....FuncBody
......Return
........IntLit(1) - int
..FuncDefinition
....Char
....Id(f10c)
....ParamList
......ParamDeclaration
........Void
....FuncBody
..FuncDefinition
....Double
....Id(f10d)
....ParamList
......ParamDeclaration
........Void
....FuncBody
