Terminals unused in grammar

    RESERVED


Grammar

    0 $accept: program $end

    1 program: functionsAndDeclarations

    2 functionsAndDeclarations: functionDefinition
    3                         | functionDeclaration
    4                         | declaration
    5                         | functionsAndDeclarations functionDefinition
    6                         | functionsAndDeclarations functionDeclaration
    7                         | functionsAndDeclarations declaration

    8 functionDefinition: typeSpec functionDeclarator functionBody

    9 functionDeclaration: typeSpec functionDeclarator SEMI

   10 typeSpec: CHAR
   11         | INT
   12         | VOID
   13         | SHORT
   14         | DOUBLE

   15 functionDeclarator: id_token LPAR parameterList RPAR

   16 parameterList: parameterDeclaration
   17              | parameterList COMMA parameterDeclaration

   18 parameterDeclaration: typeSpec
   19                     | typeSpec id_token

   20 functionBody: LBRACE RBRACE
   21             | LBRACE declarationsAndStatements RBRACE

   22 declarationsAndStatements: statement
   23                          | declaration
   24                          | declarationsAndStatements statement
   25                          | declarationsAndStatements declaration

   26 declaration: typeSpec declaratorsList SEMI
   27            | error SEMI

   28 declaratorsList: declarator
   29                | declaratorsList COMMA declarator

   30 declarator: id_token
   31           | id_token ASSIGN expr

   32 id_token: ID

   33 statementList: statement_error
   34              | statementList statement_error

   35 statement: LBRACE error RBRACE
   36          | LBRACE statementList statement_error RBRACE
   37          | LBRACE statement_error RBRACE
   38          | LBRACE RBRACE
   39          | IF LPAR expr RPAR statement_error ELSE statement_error
   40          | IF LPAR expr RPAR statement_error
   41          | WHILE LPAR expr RPAR statement_error
   42          | return_token expr SEMI
   43          | return_token SEMI
   44          | expr SEMI
   45          | SEMI

   46 statement_error: statement
   47                | error SEMI

   48 return_token: RETURN

   49 plus_token: PLUS

   50 minus_token: MINUS

   51 mul_token: MUL

   52 div_token: DIV

   53 mod_token: MOD

   54 or_token: OR

   55 and_token: AND

   56 bitwiseand_token: BITWISEAND

   57 bitwiseor_token: BITWISEOR

   58 bitwisexor_token: BITWISEXOR

   59 eq_token: EQ

   60 ne_token: NE

   61 le_token: LE

   62 ge_token: GE

   63 lt_token: LT

   64 gt_token: GT

   65 assign_token: ASSIGN

   66 not_token: NOT

   67 comma_token: COMMA

   68 expr: expr assign_token expr
   69     | expr comma_token expr
   70     | LPAR expr comma_token expr RPAR
   71     | expr plus_token expr
   72     | expr minus_token expr
   73     | expr mul_token expr
   74     | expr div_token expr
   75     | expr mod_token expr
   76     | expr or_token expr
   77     | expr and_token expr
   78     | expr bitwiseand_token expr
   79     | expr bitwiseor_token expr
   80     | expr bitwisexor_token expr
   81     | expr eq_token expr
   82     | expr ne_token expr
   83     | expr le_token expr
   84     | expr ge_token expr
   85     | expr lt_token expr
   86     | expr gt_token expr
   87     | plus_token expr
   88     | minus_token expr
   89     | not_token expr
   90     | id_token LPAR RPAR
   91     | id_token LPAR expr RPAR
   92     | id_token
   93     | INTLIT
   94     | CHRLIT
   95     | REALLIT
   96     | LPAR expr RPAR
   97     | id_token LPAR error RPAR
   98     | LPAR error RPAR


Terminals, with rules where they appear

    $end (0) 0
    error <terminal> (256) 27 35 47 97 98
    CHAR <terminal> (258) 10
    ELSE <terminal> (259) 39
    WHILE <terminal> (260) 41
    IF <terminal> (261) 39 40
    INT <terminal> (262) 11
    SHORT <terminal> (263) 13
    DOUBLE <terminal> (264) 14
    RETURN <terminal> (265) 48
    VOID <terminal> (266) 12
    BITWISEAND <terminal> (267) 56
    BITWISEOR <terminal> (268) 57
    BITWISEXOR <terminal> (269) 58
    AND <terminal> (270) 55
    ASSIGN <terminal> (271) 31 65
    MUL <terminal> (272) 51
    COMMA <terminal> (273) 17 29 67
    DIV <terminal> (274) 52
    EQ <terminal> (275) 59
    GE <terminal> (276) 62
    GT <terminal> (277) 64
    LBRACE <terminal> (278) 20 21 35 36 37 38
    LE <terminal> (279) 61
    LPAR <terminal> (280) 15 39 40 41 70 90 91 96 97 98
    LT <terminal> (281) 63
    MINUS <terminal> (282) 50
    MOD <terminal> (283) 53
    NE <terminal> (284) 60
    NOT <terminal> (285) 66
    OR <terminal> (286) 54
    PLUS <terminal> (287) 49
    RBRACE <terminal> (288) 20 21 35 36 37 38
    RPAR <terminal> (289) 15 39 40 41 70 90 91 96 97 98
    SEMI <terminal> (290) 9 26 27 42 43 44 45 47
    RESERVED <terminal> (291)
    CHRLIT <terminal> (292) 94
    REALLIT <terminal> (293) 95
    INTLIT <terminal> (294) 93
    ID <idTerminal> (295) 32


Nonterminals, with rules where they appear

    $accept (41)
        on left: 0
    program <nonterminal> (42)
        on left: 1
        on right: 0
    functionsAndDeclarations <nonterminal> (43)
        on left: 2 3 4 5 6 7
        on right: 1 5 6 7
    functionDefinition <nonterminal> (44)
        on left: 8
        on right: 2 5
    functionDeclaration <nonterminal> (45)
        on left: 9
        on right: 3 6
    typeSpec <nonterminal> (46)
        on left: 10 11 12 13 14
        on right: 8 9 18 19 26
    functionDeclarator <nonterminal> (47)
        on left: 15
        on right: 8 9
    parameterList <nonterminal> (48)
        on left: 16 17
        on right: 15 17
    parameterDeclaration <nonterminal> (49)
        on left: 18 19
        on right: 16 17
    functionBody <nonterminal> (50)
        on left: 20 21
        on right: 8
    declarationsAndStatements <nonterminal> (51)
        on left: 22 23 24 25
        on right: 21 24 25
    declaration <nonterminal> (52)
        on left: 26 27
        on right: 4 7 23 25
    declaratorsList <nonterminal> (53)
        on left: 28 29
        on right: 26 29
    declarator <nonterminal> (54)
        on left: 30 31
        on right: 28 29
    id_token <nonterminal> (55)
        on left: 32
        on right: 15 19 30 31 90 91 92 97
    statementList <nonterminal> (56)
        on left: 33 34
        on right: 34 36
    statement <nonterminal> (57)
        on left: 35 36 37 38 39 40 41 42 43 44 45
        on right: 22 24 46
    statement_error <nonterminal> (58)
        on left: 46 47
        on right: 33 34 36 37 39 40 41
    return_token <nonterminal> (59)
        on left: 48
        on right: 42 43
    plus_token <nonterminal> (60)
        on left: 49
        on right: 71 87
    minus_token <nonterminal> (61)
        on left: 50
        on right: 72 88
    mul_token <nonterminal> (62)
        on left: 51
        on right: 73
    div_token <nonterminal> (63)
        on left: 52
        on right: 74
    mod_token <nonterminal> (64)
        on left: 53
        on right: 75
    or_token <nonterminal> (65)
        on left: 54
        on right: 76
    and_token <nonterminal> (66)
        on left: 55
        on right: 77
    bitwiseand_token <nonterminal> (67)
        on left: 56
        on right: 78
    bitwiseor_token <nonterminal> (68)
        on left: 57
        on right: 79
    bitwisexor_token <nonterminal> (69)
        on left: 58
        on right: 80
    eq_token <nonterminal> (70)
        on left: 59
        on right: 81
    ne_token <nonterminal> (71)
        on left: 60
        on right: 82
    le_token <nonterminal> (72)
        on left: 61
        on right: 83
    ge_token <nonterminal> (73)
        on left: 62
        on right: 84
    lt_token <nonterminal> (74)
        on left: 63
        on right: 85
    gt_token <nonterminal> (75)
        on left: 64
        on right: 86
    assign_token <nonterminal> (76)
        on left: 65
        on right: 68
    not_token <nonterminal> (77)
        on left: 66
        on right: 89
    comma_token <nonterminal> (78)
        on left: 67
        on right: 69 70
    expr <nonterminal> (79)
        on left: 68 69 70 71 72 73 74 75 76 77 78 79 80 81 82 83 84 85 86 87 88 89 90 91 92 93 94 95 96 97 98
        on right: 31 39 40 41 42 44 68 69 70 71 72 73 74 75 76 77 78 79 80 81 82 83 84 85 86 87 88 89 91 96


State 0

    0 $accept: . program $end

    error   shift, and go to state 1
    CHAR    shift, and go to state 2
    INT     shift, and go to state 3
    SHORT   shift, and go to state 4
    DOUBLE  shift, and go to state 5
    VOID    shift, and go to state 6

    program                   go to state 7
    functionsAndDeclarations  go to state 8
    functionDefinition        go to state 9
    functionDeclaration       go to state 10
    typeSpec                  go to state 11
    declaration               go to state 12


State 1

   27 declaration: error . SEMI

    SEMI  shift, and go to state 13


State 2

   10 typeSpec: CHAR .

    $default  reduce using rule 10 (typeSpec)


State 3

   11 typeSpec: INT .

    $default  reduce using rule 11 (typeSpec)


State 4

   13 typeSpec: SHORT .

    $default  reduce using rule 13 (typeSpec)


State 5

   14 typeSpec: DOUBLE .

    $default  reduce using rule 14 (typeSpec)


State 6

   12 typeSpec: VOID .

    $default  reduce using rule 12 (typeSpec)


State 7

    0 $accept: program . $end

    $end  shift, and go to state 14


State 8

    1 program: functionsAndDeclarations .
    5 functionsAndDeclarations: functionsAndDeclarations . functionDefinition
    6                         | functionsAndDeclarations . functionDeclaration
    7                         | functionsAndDeclarations . declaration

    error   shift, and go to state 1
    CHAR    shift, and go to state 2
    INT     shift, and go to state 3
    SHORT   shift, and go to state 4
    DOUBLE  shift, and go to state 5
    VOID    shift, and go to state 6

    $end  reduce using rule 1 (program)

    functionDefinition   go to state 15
    functionDeclaration  go to state 16
    typeSpec             go to state 11
    declaration          go to state 17


State 9

    2 functionsAndDeclarations: functionDefinition .

    $default  reduce using rule 2 (functionsAndDeclarations)


State 10

    3 functionsAndDeclarations: functionDeclaration .

    $default  reduce using rule 3 (functionsAndDeclarations)


State 11

    8 functionDefinition: typeSpec . functionDeclarator functionBody
    9 functionDeclaration: typeSpec . functionDeclarator SEMI
   26 declaration: typeSpec . declaratorsList SEMI

    ID  shift, and go to state 18

    functionDeclarator  go to state 19
    declaratorsList     go to state 20
    declarator          go to state 21
    id_token            go to state 22


State 12

    4 functionsAndDeclarations: declaration .

    $default  reduce using rule 4 (functionsAndDeclarations)


State 13

   27 declaration: error SEMI .

    $default  reduce using rule 27 (declaration)


State 14

    0 $accept: program $end .

    $default  accept


State 15

    5 functionsAndDeclarations: functionsAndDeclarations functionDefinition .

    $default  reduce using rule 5 (functionsAndDeclarations)


State 16

    6 functionsAndDeclarations: functionsAndDeclarations functionDeclaration .

    $default  reduce using rule 6 (functionsAndDeclarations)


State 17

    7 functionsAndDeclarations: functionsAndDeclarations declaration .

    $default  reduce using rule 7 (functionsAndDeclarations)


State 18

   32 id_token: ID .

    $default  reduce using rule 32 (id_token)


State 19

    8 functionDefinition: typeSpec functionDeclarator . functionBody
    9 functionDeclaration: typeSpec functionDeclarator . SEMI

    LBRACE  shift, and go to state 23
    SEMI    shift, and go to state 24

    functionBody  go to state 25


State 20

   26 declaration: typeSpec declaratorsList . SEMI
   29 declaratorsList: declaratorsList . COMMA declarator

    COMMA  shift, and go to state 26
    SEMI   shift, and go to state 27


State 21

   28 declaratorsList: declarator .

    $default  reduce using rule 28 (declaratorsList)


State 22

   15 functionDeclarator: id_token . LPAR parameterList RPAR
   30 declarator: id_token .
   31           | id_token . ASSIGN expr

    ASSIGN  shift, and go to state 28
    LPAR    shift, and go to state 29

    $default  reduce using rule 30 (declarator)


State 23

   20 functionBody: LBRACE . RBRACE
   21             | LBRACE . declarationsAndStatements RBRACE

    error    shift, and go to state 1
    CHAR     shift, and go to state 2
    WHILE    shift, and go to state 30
    IF       shift, and go to state 31
    INT      shift, and go to state 3
    SHORT    shift, and go to state 4
    DOUBLE   shift, and go to state 5
    RETURN   shift, and go to state 32
    VOID     shift, and go to state 6
    LBRACE   shift, and go to state 33
    LPAR     shift, and go to state 34
    MINUS    shift, and go to state 35
    NOT      shift, and go to state 36
    PLUS     shift, and go to state 37
    RBRACE   shift, and go to state 38
    SEMI     shift, and go to state 39
    CHRLIT   shift, and go to state 40
    REALLIT  shift, and go to state 41
    INTLIT   shift, and go to state 42
    ID       shift, and go to state 18

    typeSpec                   go to state 43
    declarationsAndStatements  go to state 44
    declaration                go to state 45
    id_token                   go to state 46
    statement                  go to state 47
    return_token               go to state 48
    plus_token                 go to state 49
    minus_token                go to state 50
    not_token                  go to state 51
    expr                       go to state 52


State 24

    9 functionDeclaration: typeSpec functionDeclarator SEMI .

    $default  reduce using rule 9 (functionDeclaration)


State 25

    8 functionDefinition: typeSpec functionDeclarator functionBody .

    $default  reduce using rule 8 (functionDefinition)


State 26

   29 declaratorsList: declaratorsList COMMA . declarator

    ID  shift, and go to state 18

    declarator  go to state 53
    id_token    go to state 54


State 27

   26 declaration: typeSpec declaratorsList SEMI .

    $default  reduce using rule 26 (declaration)


State 28

   31 declarator: id_token ASSIGN . expr

    LPAR     shift, and go to state 34
    MINUS    shift, and go to state 35
    NOT      shift, and go to state 36
    PLUS     shift, and go to state 37
    CHRLIT   shift, and go to state 40
    REALLIT  shift, and go to state 41
    INTLIT   shift, and go to state 42
    ID       shift, and go to state 18

    id_token     go to state 46
    plus_token   go to state 49
    minus_token  go to state 50
    not_token    go to state 51
    expr         go to state 55


State 29

   15 functionDeclarator: id_token LPAR . parameterList RPAR

    CHAR    shift, and go to state 2
    INT     shift, and go to state 3
    SHORT   shift, and go to state 4
    DOUBLE  shift, and go to state 5
    VOID    shift, and go to state 6

    typeSpec              go to state 56
    parameterList         go to state 57
    parameterDeclaration  go to state 58


State 30

   41 statement: WHILE . LPAR expr RPAR statement_error

    LPAR  shift, and go to state 59


State 31

   39 statement: IF . LPAR expr RPAR statement_error ELSE statement_error
   40          | IF . LPAR expr RPAR statement_error

    LPAR  shift, and go to state 60


State 32

   48 return_token: RETURN .

    $default  reduce using rule 48 (return_token)


State 33

   35 statement: LBRACE . error RBRACE
   36          | LBRACE . statementList statement_error RBRACE
   37          | LBRACE . statement_error RBRACE
   38          | LBRACE . RBRACE

    error    shift, and go to state 61
    WHILE    shift, and go to state 30
    IF       shift, and go to state 31
    RETURN   shift, and go to state 32
    LBRACE   shift, and go to state 33
    LPAR     shift, and go to state 34
    MINUS    shift, and go to state 35
    NOT      shift, and go to state 36
    PLUS     shift, and go to state 37
    RBRACE   shift, and go to state 62
    SEMI     shift, and go to state 39
    CHRLIT   shift, and go to state 40
    REALLIT  shift, and go to state 41
    INTLIT   shift, and go to state 42
    ID       shift, and go to state 18

    id_token         go to state 46
    statementList    go to state 63
    statement        go to state 64
    statement_error  go to state 65
    return_token     go to state 48
    plus_token       go to state 49
    minus_token      go to state 50
    not_token        go to state 51
    expr             go to state 52


State 34

   70 expr: LPAR . expr comma_token expr RPAR
   96     | LPAR . expr RPAR
   98     | LPAR . error RPAR

    error    shift, and go to state 66
    LPAR     shift, and go to state 34
    MINUS    shift, and go to state 35
    NOT      shift, and go to state 36
    PLUS     shift, and go to state 37
    CHRLIT   shift, and go to state 40
    REALLIT  shift, and go to state 41
    INTLIT   shift, and go to state 42
    ID       shift, and go to state 18

    id_token     go to state 46
    plus_token   go to state 49
    minus_token  go to state 50
    not_token    go to state 51
    expr         go to state 67


State 35

   50 minus_token: MINUS .

    $default  reduce using rule 50 (minus_token)


State 36

   66 not_token: NOT .

    $default  reduce using rule 66 (not_token)


State 37

   49 plus_token: PLUS .

    $default  reduce using rule 49 (plus_token)


State 38

   20 functionBody: LBRACE RBRACE .

    $default  reduce using rule 20 (functionBody)


State 39

   45 statement: SEMI .

    $default  reduce using rule 45 (statement)


State 40

   94 expr: CHRLIT .

    $default  reduce using rule 94 (expr)


State 41

   95 expr: REALLIT .

    $default  reduce using rule 95 (expr)


State 42

   93 expr: INTLIT .

    $default  reduce using rule 93 (expr)


State 43

   26 declaration: typeSpec . declaratorsList SEMI

    ID  shift, and go to state 18

    declaratorsList  go to state 20
    declarator       go to state 21
    id_token         go to state 54


State 44

   21 functionBody: LBRACE declarationsAndStatements . RBRACE
   24 declarationsAndStatements: declarationsAndStatements . statement
   25                          | declarationsAndStatements . declaration

    error    shift, and go to state 1
    CHAR     shift, and go to state 2
    WHILE    shift, and go to state 30
    IF       shift, and go to state 31
    INT      shift, and go to state 3
    SHORT    shift, and go to state 4
    DOUBLE   shift, and go to state 5
    RETURN   shift, and go to state 32
    VOID     shift, and go to state 6
    LBRACE   shift, and go to state 33
    LPAR     shift, and go to state 34
    MINUS    shift, and go to state 35
    NOT      shift, and go to state 36
    PLUS     shift, and go to state 37
    RBRACE   shift, and go to state 68
    SEMI     shift, and go to state 39
    CHRLIT   shift, and go to state 40
    REALLIT  shift, and go to state 41
    INTLIT   shift, and go to state 42
    ID       shift, and go to state 18

    typeSpec      go to state 43
    declaration   go to state 69
    id_token      go to state 46
    statement     go to state 70
    return_token  go to state 48
    plus_token    go to state 49
    minus_token   go to state 50
    not_token     go to state 51
    expr          go to state 52


State 45

   23 declarationsAndStatements: declaration .

    $default  reduce using rule 23 (declarationsAndStatements)


State 46

   90 expr: id_token . LPAR RPAR
   91     | id_token . LPAR expr RPAR
   92     | id_token .
   97     | id_token . LPAR error RPAR

    LPAR  shift, and go to state 71

    $default  reduce using rule 92 (expr)


State 47

   22 declarationsAndStatements: statement .

    $default  reduce using rule 22 (declarationsAndStatements)


State 48

   42 statement: return_token . expr SEMI
   43          | return_token . SEMI

    LPAR     shift, and go to state 34
    MINUS    shift, and go to state 35
    NOT      shift, and go to state 36
    PLUS     shift, and go to state 37
    SEMI     shift, and go to state 72
    CHRLIT   shift, and go to state 40
    REALLIT  shift, and go to state 41
    INTLIT   shift, and go to state 42
    ID       shift, and go to state 18

    id_token     go to state 46
    plus_token   go to state 49
    minus_token  go to state 50
    not_token    go to state 51
    expr         go to state 73


State 49

   87 expr: plus_token . expr

    LPAR     shift, and go to state 34
    MINUS    shift, and go to state 35
    NOT      shift, and go to state 36
    PLUS     shift, and go to state 37
    CHRLIT   shift, and go to state 40
    REALLIT  shift, and go to state 41
    INTLIT   shift, and go to state 42
    ID       shift, and go to state 18

    id_token     go to state 46
    plus_token   go to state 49
    minus_token  go to state 50
    not_token    go to state 51
    expr         go to state 74


State 50

   88 expr: minus_token . expr

    LPAR     shift, and go to state 34
    MINUS    shift, and go to state 35
    NOT      shift, and go to state 36
    PLUS     shift, and go to state 37
    CHRLIT   shift, and go to state 40
    REALLIT  shift, and go to state 41
    INTLIT   shift, and go to state 42
    ID       shift, and go to state 18

    id_token     go to state 46
    plus_token   go to state 49
    minus_token  go to state 50
    not_token    go to state 51
    expr         go to state 75


State 51

   89 expr: not_token . expr

    LPAR     shift, and go to state 34
    MINUS    shift, and go to state 35
    NOT      shift, and go to state 36
    PLUS     shift, and go to state 37
    CHRLIT   shift, and go to state 40
    REALLIT  shift, and go to state 41
    INTLIT   shift, and go to state 42
    ID       shift, and go to state 18

    id_token     go to state 46
    plus_token   go to state 49
    minus_token  go to state 50
    not_token    go to state 51
    expr         go to state 76


State 52

   44 statement: expr . SEMI
   68 expr: expr . assign_token expr
   69     | expr . comma_token expr
   71     | expr . plus_token expr
   72     | expr . minus_token expr
   73     | expr . mul_token expr
   74     | expr . div_token expr
   75     | expr . mod_token expr
   76     | expr . or_token expr
   77     | expr . and_token expr
   78     | expr . bitwiseand_token expr
   79     | expr . bitwiseor_token expr
   80     | expr . bitwisexor_token expr
   81     | expr . eq_token expr
   82     | expr . ne_token expr
   83     | expr . le_token expr
   84     | expr . ge_token expr
   85     | expr . lt_token expr
   86     | expr . gt_token expr

    BITWISEAND  shift, and go to state 77
    BITWISEOR   shift, and go to state 78
    BITWISEXOR  shift, and go to state 79
    AND         shift, and go to state 80
    ASSIGN      shift, and go to state 81
    MUL         shift, and go to state 82
    COMMA       shift, and go to state 83
    DIV         shift, and go to state 84
    EQ          shift, and go to state 85
    GE          shift, and go to state 86
    GT          shift, and go to state 87
    LE          shift, and go to state 88
    LT          shift, and go to state 89
    MINUS       shift, and go to state 35
    MOD         shift, and go to state 90
    NE          shift, and go to state 91
    OR          shift, and go to state 92
    PLUS        shift, and go to state 37
    SEMI        shift, and go to state 93

    plus_token        go to state 94
    minus_token       go to state 95
    mul_token         go to state 96
    div_token         go to state 97
    mod_token         go to state 98
    or_token          go to state 99
    and_token         go to state 100
    bitwiseand_token  go to state 101
    bitwiseor_token   go to state 102
    bitwisexor_token  go to state 103
    eq_token          go to state 104
    ne_token          go to state 105
    le_token          go to state 106
    ge_token          go to state 107
    lt_token          go to state 108
    gt_token          go to state 109
    assign_token      go to state 110
    comma_token       go to state 111


State 53

   29 declaratorsList: declaratorsList COMMA declarator .

    $default  reduce using rule 29 (declaratorsList)


State 54

   30 declarator: id_token .
   31           | id_token . ASSIGN expr

    ASSIGN  shift, and go to state 28

    $default  reduce using rule 30 (declarator)


State 55

   31 declarator: id_token ASSIGN expr .
   68 expr: expr . assign_token expr
   69     | expr . comma_token expr
   71     | expr . plus_token expr
   72     | expr . minus_token expr
   73     | expr . mul_token expr
   74     | expr . div_token expr
   75     | expr . mod_token expr
   76     | expr . or_token expr
   77     | expr . and_token expr
   78     | expr . bitwiseand_token expr
   79     | expr . bitwiseor_token expr
   80     | expr . bitwisexor_token expr
   81     | expr . eq_token expr
   82     | expr . ne_token expr
   83     | expr . le_token expr
   84     | expr . ge_token expr
   85     | expr . lt_token expr
   86     | expr . gt_token expr

    BITWISEAND  shift, and go to state 77
    BITWISEOR   shift, and go to state 78
    BITWISEXOR  shift, and go to state 79
    AND         shift, and go to state 80
    ASSIGN      shift, and go to state 81
    MUL         shift, and go to state 82
    DIV         shift, and go to state 84
    EQ          shift, and go to state 85
    GE          shift, and go to state 86
    GT          shift, and go to state 87
    LE          shift, and go to state 88
    LT          shift, and go to state 89
    MINUS       shift, and go to state 35
    MOD         shift, and go to state 90
    NE          shift, and go to state 91
    OR          shift, and go to state 92
    PLUS        shift, and go to state 37

    $default  reduce using rule 31 (declarator)

    plus_token        go to state 94
    minus_token       go to state 95
    mul_token         go to state 96
    div_token         go to state 97
    mod_token         go to state 98
    or_token          go to state 99
    and_token         go to state 100
    bitwiseand_token  go to state 101
    bitwiseor_token   go to state 102
    bitwisexor_token  go to state 103
    eq_token          go to state 104
    ne_token          go to state 105
    le_token          go to state 106
    ge_token          go to state 107
    lt_token          go to state 108
    gt_token          go to state 109
    assign_token      go to state 110
    comma_token       go to state 111


State 56

   18 parameterDeclaration: typeSpec .
   19                     | typeSpec . id_token

    ID  shift, and go to state 18

    $default  reduce using rule 18 (parameterDeclaration)

    id_token  go to state 112


State 57

   15 functionDeclarator: id_token LPAR parameterList . RPAR
   17 parameterList: parameterList . COMMA parameterDeclaration

    COMMA  shift, and go to state 113
    RPAR   shift, and go to state 114


State 58

   16 parameterList: parameterDeclaration .

    $default  reduce using rule 16 (parameterList)


State 59

   41 statement: WHILE LPAR . expr RPAR statement_error

    LPAR     shift, and go to state 34
    MINUS    shift, and go to state 35
    NOT      shift, and go to state 36
    PLUS     shift, and go to state 37
    CHRLIT   shift, and go to state 40
    REALLIT  shift, and go to state 41
    INTLIT   shift, and go to state 42
    ID       shift, and go to state 18

    id_token     go to state 46
    plus_token   go to state 49
    minus_token  go to state 50
    not_token    go to state 51
    expr         go to state 115


State 60

   39 statement: IF LPAR . expr RPAR statement_error ELSE statement_error
   40          | IF LPAR . expr RPAR statement_error

    LPAR     shift, and go to state 34
    MINUS    shift, and go to state 35
    NOT      shift, and go to state 36
    PLUS     shift, and go to state 37
    CHRLIT   shift, and go to state 40
    REALLIT  shift, and go to state 41
    INTLIT   shift, and go to state 42
    ID       shift, and go to state 18

    id_token     go to state 46
    plus_token   go to state 49
    minus_token  go to state 50
    not_token    go to state 51
    expr         go to state 116


State 61

   35 statement: LBRACE error . RBRACE
   47 statement_error: error . SEMI

    RBRACE  shift, and go to state 117
    SEMI    shift, and go to state 118


State 62

   38 statement: LBRACE RBRACE .

    $default  reduce using rule 38 (statement)


State 63

   34 statementList: statementList . statement_error
   36 statement: LBRACE statementList . statement_error RBRACE

    error    shift, and go to state 119
    WHILE    shift, and go to state 30
    IF       shift, and go to state 31
    RETURN   shift, and go to state 32
    LBRACE   shift, and go to state 33
    LPAR     shift, and go to state 34
    MINUS    shift, and go to state 35
    NOT      shift, and go to state 36
    PLUS     shift, and go to state 37
    SEMI     shift, and go to state 39
    CHRLIT   shift, and go to state 40
    REALLIT  shift, and go to state 41
    INTLIT   shift, and go to state 42
    ID       shift, and go to state 18

    id_token         go to state 46
    statement        go to state 64
    statement_error  go to state 120
    return_token     go to state 48
    plus_token       go to state 49
    minus_token      go to state 50
    not_token        go to state 51
    expr             go to state 52


State 64

   46 statement_error: statement .

    $default  reduce using rule 46 (statement_error)


State 65

   33 statementList: statement_error .
   37 statement: LBRACE statement_error . RBRACE

    RBRACE  shift, and go to state 121

    $default  reduce using rule 33 (statementList)


State 66

   98 expr: LPAR error . RPAR

    RPAR  shift, and go to state 122


State 67

   68 expr: expr . assign_token expr
   69     | expr . comma_token expr
   70     | LPAR expr . comma_token expr RPAR
   71     | expr . plus_token expr
   72     | expr . minus_token expr
   73     | expr . mul_token expr
   74     | expr . div_token expr
   75     | expr . mod_token expr
   76     | expr . or_token expr
   77     | expr . and_token expr
   78     | expr . bitwiseand_token expr
   79     | expr . bitwiseor_token expr
   80     | expr . bitwisexor_token expr
   81     | expr . eq_token expr
   82     | expr . ne_token expr
   83     | expr . le_token expr
   84     | expr . ge_token expr
   85     | expr . lt_token expr
   86     | expr . gt_token expr
   96     | LPAR expr . RPAR

    BITWISEAND  shift, and go to state 77
    BITWISEOR   shift, and go to state 78
    BITWISEXOR  shift, and go to state 79
    AND         shift, and go to state 80
    ASSIGN      shift, and go to state 81
    MUL         shift, and go to state 82
    COMMA       shift, and go to state 83
    DIV         shift, and go to state 84
    EQ          shift, and go to state 85
    GE          shift, and go to state 86
    GT          shift, and go to state 87
    LE          shift, and go to state 88
    LT          shift, and go to state 89
    MINUS       shift, and go to state 35
    MOD         shift, and go to state 90
    NE          shift, and go to state 91
    OR          shift, and go to state 92
    PLUS        shift, and go to state 37
    RPAR        shift, and go to state 123

    plus_token        go to state 94
    minus_token       go to state 95
    mul_token         go to state 96
    div_token         go to state 97
    mod_token         go to state 98
    or_token          go to state 99
    and_token         go to state 100
    bitwiseand_token  go to state 101
    bitwiseor_token   go to state 102
    bitwisexor_token  go to state 103
    eq_token          go to state 104
    ne_token          go to state 105
    le_token          go to state 106
    ge_token          go to state 107
    lt_token          go to state 108
    gt_token          go to state 109
    assign_token      go to state 110
    comma_token       go to state 124


State 68

   21 functionBody: LBRACE declarationsAndStatements RBRACE .

    $default  reduce using rule 21 (functionBody)


State 69

   25 declarationsAndStatements: declarationsAndStatements declaration .

    $default  reduce using rule 25 (declarationsAndStatements)


State 70

   24 declarationsAndStatements: declarationsAndStatements statement .

    $default  reduce using rule 24 (declarationsAndStatements)


State 71

   90 expr: id_token LPAR . RPAR
   91     | id_token LPAR . expr RPAR
   97     | id_token LPAR . error RPAR

    error    shift, and go to state 125
    LPAR     shift, and go to state 34
    MINUS    shift, and go to state 35
    NOT      shift, and go to state 36
    PLUS     shift, and go to state 37
    RPAR     shift, and go to state 126
    CHRLIT   shift, and go to state 40
    REALLIT  shift, and go to state 41
    INTLIT   shift, and go to state 42
    ID       shift, and go to state 18

    id_token     go to state 46
    plus_token   go to state 49
    minus_token  go to state 50
    not_token    go to state 51
    expr         go to state 127


State 72

   43 statement: return_token SEMI .

    $default  reduce using rule 43 (statement)


State 73

   42 statement: return_token expr . SEMI
   68 expr: expr . assign_token expr
   69     | expr . comma_token expr
   71     | expr . plus_token expr
   72     | expr . minus_token expr
   73     | expr . mul_token expr
   74     | expr . div_token expr
   75     | expr . mod_token expr
   76     | expr . or_token expr
   77     | expr . and_token expr
   78     | expr . bitwiseand_token expr
   79     | expr . bitwiseor_token expr
   80     | expr . bitwisexor_token expr
   81     | expr . eq_token expr
   82     | expr . ne_token expr
   83     | expr . le_token expr
   84     | expr . ge_token expr
   85     | expr . lt_token expr
   86     | expr . gt_token expr

    BITWISEAND  shift, and go to state 77
    BITWISEOR   shift, and go to state 78
    BITWISEXOR  shift, and go to state 79
    AND         shift, and go to state 80
    ASSIGN      shift, and go to state 81
    MUL         shift, and go to state 82
    COMMA       shift, and go to state 83
    DIV         shift, and go to state 84
    EQ          shift, and go to state 85
    GE          shift, and go to state 86
    GT          shift, and go to state 87
    LE          shift, and go to state 88
    LT          shift, and go to state 89
    MINUS       shift, and go to state 35
    MOD         shift, and go to state 90
    NE          shift, and go to state 91
    OR          shift, and go to state 92
    PLUS        shift, and go to state 37
    SEMI        shift, and go to state 128

    plus_token        go to state 94
    minus_token       go to state 95
    mul_token         go to state 96
    div_token         go to state 97
    mod_token         go to state 98
    or_token          go to state 99
    and_token         go to state 100
    bitwiseand_token  go to state 101
    bitwiseor_token   go to state 102
    bitwisexor_token  go to state 103
    eq_token          go to state 104
    ne_token          go to state 105
    le_token          go to state 106
    ge_token          go to state 107
    lt_token          go to state 108
    gt_token          go to state 109
    assign_token      go to state 110
    comma_token       go to state 111


State 74

   68 expr: expr . assign_token expr
   69     | expr . comma_token expr
   71     | expr . plus_token expr
   72     | expr . minus_token expr
   73     | expr . mul_token expr
   74     | expr . div_token expr
   75     | expr . mod_token expr
   76     | expr . or_token expr
   77     | expr . and_token expr
   78     | expr . bitwiseand_token expr
   79     | expr . bitwiseor_token expr
   80     | expr . bitwisexor_token expr
   81     | expr . eq_token expr
   82     | expr . ne_token expr
   83     | expr . le_token expr
   84     | expr . ge_token expr
   85     | expr . lt_token expr
   86     | expr . gt_token expr
   87     | plus_token expr .

    $default  reduce using rule 87 (expr)

    plus_token        go to state 94
    minus_token       go to state 95
    mul_token         go to state 96
    div_token         go to state 97
    mod_token         go to state 98
    or_token          go to state 99
    and_token         go to state 100
    bitwiseand_token  go to state 101
    bitwiseor_token   go to state 102
    bitwisexor_token  go to state 103
    eq_token          go to state 104
    ne_token          go to state 105
    le_token          go to state 106
    ge_token          go to state 107
    lt_token          go to state 108
    gt_token          go to state 109
    assign_token      go to state 110
    comma_token       go to state 111


State 75

   68 expr: expr . assign_token expr
   69     | expr . comma_token expr
   71     | expr . plus_token expr
   72     | expr . minus_token expr
   73     | expr . mul_token expr
   74     | expr . div_token expr
   75     | expr . mod_token expr
   76     | expr . or_token expr
   77     | expr . and_token expr
   78     | expr . bitwiseand_token expr
   79     | expr . bitwiseor_token expr
   80     | expr . bitwisexor_token expr
   81     | expr . eq_token expr
   82     | expr . ne_token expr
   83     | expr . le_token expr
   84     | expr . ge_token expr
   85     | expr . lt_token expr
   86     | expr . gt_token expr
   88     | minus_token expr .

    $default  reduce using rule 88 (expr)

    plus_token        go to state 94
    minus_token       go to state 95
    mul_token         go to state 96
    div_token         go to state 97
    mod_token         go to state 98
    or_token          go to state 99
    and_token         go to state 100
    bitwiseand_token  go to state 101
    bitwiseor_token   go to state 102
    bitwisexor_token  go to state 103
    eq_token          go to state 104
    ne_token          go to state 105
    le_token          go to state 106
    ge_token          go to state 107
    lt_token          go to state 108
    gt_token          go to state 109
    assign_token      go to state 110
    comma_token       go to state 111


State 76

   68 expr: expr . assign_token expr
   69     | expr . comma_token expr
   71     | expr . plus_token expr
   72     | expr . minus_token expr
   73     | expr . mul_token expr
   74     | expr . div_token expr
   75     | expr . mod_token expr
   76     | expr . or_token expr
   77     | expr . and_token expr
   78     | expr . bitwiseand_token expr
   79     | expr . bitwiseor_token expr
   80     | expr . bitwisexor_token expr
   81     | expr . eq_token expr
   82     | expr . ne_token expr
   83     | expr . le_token expr
   84     | expr . ge_token expr
   85     | expr . lt_token expr
   86     | expr . gt_token expr
   89     | not_token expr .

    $default  reduce using rule 89 (expr)

    plus_token        go to state 94
    minus_token       go to state 95
    mul_token         go to state 96
    div_token         go to state 97
    mod_token         go to state 98
    or_token          go to state 99
    and_token         go to state 100
    bitwiseand_token  go to state 101
    bitwiseor_token   go to state 102
    bitwisexor_token  go to state 103
    eq_token          go to state 104
    ne_token          go to state 105
    le_token          go to state 106
    ge_token          go to state 107
    lt_token          go to state 108
    gt_token          go to state 109
    assign_token      go to state 110
    comma_token       go to state 111


State 77

   56 bitwiseand_token: BITWISEAND .

    $default  reduce using rule 56 (bitwiseand_token)


State 78

   57 bitwiseor_token: BITWISEOR .

    $default  reduce using rule 57 (bitwiseor_token)


State 79

   58 bitwisexor_token: BITWISEXOR .

    $default  reduce using rule 58 (bitwisexor_token)


State 80

   55 and_token: AND .

    $default  reduce using rule 55 (and_token)


State 81

   65 assign_token: ASSIGN .

    $default  reduce using rule 65 (assign_token)


State 82

   51 mul_token: MUL .

    $default  reduce using rule 51 (mul_token)


State 83

   67 comma_token: COMMA .

    $default  reduce using rule 67 (comma_token)


State 84

   52 div_token: DIV .

    $default  reduce using rule 52 (div_token)


State 85

   59 eq_token: EQ .

    $default  reduce using rule 59 (eq_token)


State 86

   62 ge_token: GE .

    $default  reduce using rule 62 (ge_token)


State 87

   64 gt_token: GT .

    $default  reduce using rule 64 (gt_token)


State 88

   61 le_token: LE .

    $default  reduce using rule 61 (le_token)


State 89

   63 lt_token: LT .

    $default  reduce using rule 63 (lt_token)


State 90

   53 mod_token: MOD .

    $default  reduce using rule 53 (mod_token)


State 91

   60 ne_token: NE .

    $default  reduce using rule 60 (ne_token)


State 92

   54 or_token: OR .

    $default  reduce using rule 54 (or_token)


State 93

   44 statement: expr SEMI .

    $default  reduce using rule 44 (statement)


State 94

   71 expr: expr plus_token . expr

    LPAR     shift, and go to state 34
    MINUS    shift, and go to state 35
    NOT      shift, and go to state 36
    PLUS     shift, and go to state 37
    CHRLIT   shift, and go to state 40
    REALLIT  shift, and go to state 41
    INTLIT   shift, and go to state 42
    ID       shift, and go to state 18

    id_token     go to state 46
    plus_token   go to state 49
    minus_token  go to state 50
    not_token    go to state 51
    expr         go to state 129


State 95

   72 expr: expr minus_token . expr

    LPAR     shift, and go to state 34
    MINUS    shift, and go to state 35
    NOT      shift, and go to state 36
    PLUS     shift, and go to state 37
    CHRLIT   shift, and go to state 40
    REALLIT  shift, and go to state 41
    INTLIT   shift, and go to state 42
    ID       shift, and go to state 18

    id_token     go to state 46
    plus_token   go to state 49
    minus_token  go to state 50
    not_token    go to state 51
    expr         go to state 130


State 96

   73 expr: expr mul_token . expr

    LPAR     shift, and go to state 34
    MINUS    shift, and go to state 35
    NOT      shift, and go to state 36
    PLUS     shift, and go to state 37
    CHRLIT   shift, and go to state 40
    REALLIT  shift, and go to state 41
    INTLIT   shift, and go to state 42
    ID       shift, and go to state 18

    id_token     go to state 46
    plus_token   go to state 49
    minus_token  go to state 50
    not_token    go to state 51
    expr         go to state 131


State 97

   74 expr: expr div_token . expr

    LPAR     shift, and go to state 34
    MINUS    shift, and go to state 35
    NOT      shift, and go to state 36
    PLUS     shift, and go to state 37
    CHRLIT   shift, and go to state 40
    REALLIT  shift, and go to state 41
    INTLIT   shift, and go to state 42
    ID       shift, and go to state 18

    id_token     go to state 46
    plus_token   go to state 49
    minus_token  go to state 50
    not_token    go to state 51
    expr         go to state 132


State 98

   75 expr: expr mod_token . expr

    LPAR     shift, and go to state 34
    MINUS    shift, and go to state 35
    NOT      shift, and go to state 36
    PLUS     shift, and go to state 37
    CHRLIT   shift, and go to state 40
    REALLIT  shift, and go to state 41
    INTLIT   shift, and go to state 42
    ID       shift, and go to state 18

    id_token     go to state 46
    plus_token   go to state 49
    minus_token  go to state 50
    not_token    go to state 51
    expr         go to state 133


State 99

   76 expr: expr or_token . expr

    LPAR     shift, and go to state 34
    MINUS    shift, and go to state 35
    NOT      shift, and go to state 36
    PLUS     shift, and go to state 37
    CHRLIT   shift, and go to state 40
    REALLIT  shift, and go to state 41
    INTLIT   shift, and go to state 42
    ID       shift, and go to state 18

    id_token     go to state 46
    plus_token   go to state 49
    minus_token  go to state 50
    not_token    go to state 51
    expr         go to state 134


State 100

   77 expr: expr and_token . expr

    LPAR     shift, and go to state 34
    MINUS    shift, and go to state 35
    NOT      shift, and go to state 36
    PLUS     shift, and go to state 37
    CHRLIT   shift, and go to state 40
    REALLIT  shift, and go to state 41
    INTLIT   shift, and go to state 42
    ID       shift, and go to state 18

    id_token     go to state 46
    plus_token   go to state 49
    minus_token  go to state 50
    not_token    go to state 51
    expr         go to state 135


State 101

   78 expr: expr bitwiseand_token . expr

    LPAR     shift, and go to state 34
    MINUS    shift, and go to state 35
    NOT      shift, and go to state 36
    PLUS     shift, and go to state 37
    CHRLIT   shift, and go to state 40
    REALLIT  shift, and go to state 41
    INTLIT   shift, and go to state 42
    ID       shift, and go to state 18

    id_token     go to state 46
    plus_token   go to state 49
    minus_token  go to state 50
    not_token    go to state 51
    expr         go to state 136


State 102

   79 expr: expr bitwiseor_token . expr

    LPAR     shift, and go to state 34
    MINUS    shift, and go to state 35
    NOT      shift, and go to state 36
    PLUS     shift, and go to state 37
    CHRLIT   shift, and go to state 40
    REALLIT  shift, and go to state 41
    INTLIT   shift, and go to state 42
    ID       shift, and go to state 18

    id_token     go to state 46
    plus_token   go to state 49
    minus_token  go to state 50
    not_token    go to state 51
    expr         go to state 137


State 103

   80 expr: expr bitwisexor_token . expr

    LPAR     shift, and go to state 34
    MINUS    shift, and go to state 35
    NOT      shift, and go to state 36
    PLUS     shift, and go to state 37
    CHRLIT   shift, and go to state 40
    REALLIT  shift, and go to state 41
    INTLIT   shift, and go to state 42
    ID       shift, and go to state 18

    id_token     go to state 46
    plus_token   go to state 49
    minus_token  go to state 50
    not_token    go to state 51
    expr         go to state 138


State 104

   81 expr: expr eq_token . expr

    LPAR     shift, and go to state 34
    MINUS    shift, and go to state 35
    NOT      shift, and go to state 36
    PLUS     shift, and go to state 37
    CHRLIT   shift, and go to state 40
    REALLIT  shift, and go to state 41
    INTLIT   shift, and go to state 42
    ID       shift, and go to state 18

    id_token     go to state 46
    plus_token   go to state 49
    minus_token  go to state 50
    not_token    go to state 51
    expr         go to state 139


State 105

   82 expr: expr ne_token . expr

    LPAR     shift, and go to state 34
    MINUS    shift, and go to state 35
    NOT      shift, and go to state 36
    PLUS     shift, and go to state 37
    CHRLIT   shift, and go to state 40
    REALLIT  shift, and go to state 41
    INTLIT   shift, and go to state 42
    ID       shift, and go to state 18

    id_token     go to state 46
    plus_token   go to state 49
    minus_token  go to state 50
    not_token    go to state 51
    expr         go to state 140


State 106

   83 expr: expr le_token . expr

    LPAR     shift, and go to state 34
    MINUS    shift, and go to state 35
    NOT      shift, and go to state 36
    PLUS     shift, and go to state 37
    CHRLIT   shift, and go to state 40
    REALLIT  shift, and go to state 41
    INTLIT   shift, and go to state 42
    ID       shift, and go to state 18

    id_token     go to state 46
    plus_token   go to state 49
    minus_token  go to state 50
    not_token    go to state 51
    expr         go to state 141


State 107

   84 expr: expr ge_token . expr

    LPAR     shift, and go to state 34
    MINUS    shift, and go to state 35
    NOT      shift, and go to state 36
    PLUS     shift, and go to state 37
    CHRLIT   shift, and go to state 40
    REALLIT  shift, and go to state 41
    INTLIT   shift, and go to state 42
    ID       shift, and go to state 18

    id_token     go to state 46
    plus_token   go to state 49
    minus_token  go to state 50
    not_token    go to state 51
    expr         go to state 142


State 108

   85 expr: expr lt_token . expr

    LPAR     shift, and go to state 34
    MINUS    shift, and go to state 35
    NOT      shift, and go to state 36
    PLUS     shift, and go to state 37
    CHRLIT   shift, and go to state 40
    REALLIT  shift, and go to state 41
    INTLIT   shift, and go to state 42
    ID       shift, and go to state 18

    id_token     go to state 46
    plus_token   go to state 49
    minus_token  go to state 50
    not_token    go to state 51
    expr         go to state 143


State 109

   86 expr: expr gt_token . expr

    LPAR     shift, and go to state 34
    MINUS    shift, and go to state 35
    NOT      shift, and go to state 36
    PLUS     shift, and go to state 37
    CHRLIT   shift, and go to state 40
    REALLIT  shift, and go to state 41
    INTLIT   shift, and go to state 42
    ID       shift, and go to state 18

    id_token     go to state 46
    plus_token   go to state 49
    minus_token  go to state 50
    not_token    go to state 51
    expr         go to state 144


State 110

   68 expr: expr assign_token . expr

    LPAR     shift, and go to state 34
    MINUS    shift, and go to state 35
    NOT      shift, and go to state 36
    PLUS     shift, and go to state 37
    CHRLIT   shift, and go to state 40
    REALLIT  shift, and go to state 41
    INTLIT   shift, and go to state 42
    ID       shift, and go to state 18

    id_token     go to state 46
    plus_token   go to state 49
    minus_token  go to state 50
    not_token    go to state 51
    expr         go to state 145


State 111

   69 expr: expr comma_token . expr

    LPAR     shift, and go to state 34
    MINUS    shift, and go to state 35
    NOT      shift, and go to state 36
    PLUS     shift, and go to state 37
    CHRLIT   shift, and go to state 40
    REALLIT  shift, and go to state 41
    INTLIT   shift, and go to state 42
    ID       shift, and go to state 18

    id_token     go to state 46
    plus_token   go to state 49
    minus_token  go to state 50
    not_token    go to state 51
    expr         go to state 146


State 112

   19 parameterDeclaration: typeSpec id_token .

    $default  reduce using rule 19 (parameterDeclaration)


State 113

   17 parameterList: parameterList COMMA . parameterDeclaration

    CHAR    shift, and go to state 2
    INT     shift, and go to state 3
    SHORT   shift, and go to state 4
    DOUBLE  shift, and go to state 5
    VOID    shift, and go to state 6

    typeSpec              go to state 56
    parameterDeclaration  go to state 147


State 114

   15 functionDeclarator: id_token LPAR parameterList RPAR .

    $default  reduce using rule 15 (functionDeclarator)


State 115

   41 statement: WHILE LPAR expr . RPAR statement_error
   68 expr: expr . assign_token expr
   69     | expr . comma_token expr
   71     | expr . plus_token expr
   72     | expr . minus_token expr
   73     | expr . mul_token expr
   74     | expr . div_token expr
   75     | expr . mod_token expr
   76     | expr . or_token expr
   77     | expr . and_token expr
   78     | expr . bitwiseand_token expr
   79     | expr . bitwiseor_token expr
   80     | expr . bitwisexor_token expr
   81     | expr . eq_token expr
   82     | expr . ne_token expr
   83     | expr . le_token expr
   84     | expr . ge_token expr
   85     | expr . lt_token expr
   86     | expr . gt_token expr

    BITWISEAND  shift, and go to state 77
    BITWISEOR   shift, and go to state 78
    BITWISEXOR  shift, and go to state 79
    AND         shift, and go to state 80
    ASSIGN      shift, and go to state 81
    MUL         shift, and go to state 82
    COMMA       shift, and go to state 83
    DIV         shift, and go to state 84
    EQ          shift, and go to state 85
    GE          shift, and go to state 86
    GT          shift, and go to state 87
    LE          shift, and go to state 88
    LT          shift, and go to state 89
    MINUS       shift, and go to state 35
    MOD         shift, and go to state 90
    NE          shift, and go to state 91
    OR          shift, and go to state 92
    PLUS        shift, and go to state 37
    RPAR        shift, and go to state 148

    plus_token        go to state 94
    minus_token       go to state 95
    mul_token         go to state 96
    div_token         go to state 97
    mod_token         go to state 98
    or_token          go to state 99
    and_token         go to state 100
    bitwiseand_token  go to state 101
    bitwiseor_token   go to state 102
    bitwisexor_token  go to state 103
    eq_token          go to state 104
    ne_token          go to state 105
    le_token          go to state 106
    ge_token          go to state 107
    lt_token          go to state 108
    gt_token          go to state 109
    assign_token      go to state 110
    comma_token       go to state 111


State 116

   39 statement: IF LPAR expr . RPAR statement_error ELSE statement_error
   40          | IF LPAR expr . RPAR statement_error
   68 expr: expr . assign_token expr
   69     | expr . comma_token expr
   71     | expr . plus_token expr
   72     | expr . minus_token expr
   73     | expr . mul_token expr
   74     | expr . div_token expr
   75     | expr . mod_token expr
   76     | expr . or_token expr
   77     | expr . and_token expr
   78     | expr . bitwiseand_token expr
   79     | expr . bitwiseor_token expr
   80     | expr . bitwisexor_token expr
   81     | expr . eq_token expr
   82     | expr . ne_token expr
   83     | expr . le_token expr
   84     | expr . ge_token expr
   85     | expr . lt_token expr
   86     | expr . gt_token expr

    BITWISEAND  shift, and go to state 77
    BITWISEOR   shift, and go to state 78
    BITWISEXOR  shift, and go to state 79
    AND         shift, and go to state 80
    ASSIGN      shift, and go to state 81
    MUL         shift, and go to state 82
    COMMA       shift, and go to state 83
    DIV         shift, and go to state 84
    EQ          shift, and go to state 85
    GE          shift, and go to state 86
    GT          shift, and go to state 87
    LE          shift, and go to state 88
    LT          shift, and go to state 89
    MINUS       shift, and go to state 35
    MOD         shift, and go to state 90
    NE          shift, and go to state 91
    OR          shift, and go to state 92
    PLUS        shift, and go to state 37
    RPAR        shift, and go to state 149

    plus_token        go to state 94
    minus_token       go to state 95
    mul_token         go to state 96
    div_token         go to state 97
    mod_token         go to state 98
    or_token          go to state 99
    and_token         go to state 100
    bitwiseand_token  go to state 101
    bitwiseor_token   go to state 102
    bitwisexor_token  go to state 103
    eq_token          go to state 104
    ne_token          go to state 105
    le_token          go to state 106
    ge_token          go to state 107
    lt_token          go to state 108
    gt_token          go to state 109
    assign_token      go to state 110
    comma_token       go to state 111


State 117

   35 statement: LBRACE error RBRACE .

    $default  reduce using rule 35 (statement)


State 118

   47 statement_error: error SEMI .

    $default  reduce using rule 47 (statement_error)


State 119

   47 statement_error: error . SEMI

    SEMI  shift, and go to state 118


State 120

   34 statementList: statementList statement_error .
   36 statement: LBRACE statementList statement_error . RBRACE

    RBRACE  shift, and go to state 150

    $default  reduce using rule 34 (statementList)


State 121

   37 statement: LBRACE statement_error RBRACE .

    $default  reduce using rule 37 (statement)


State 122

   98 expr: LPAR error RPAR .

    $default  reduce using rule 98 (expr)


State 123

   96 expr: LPAR expr RPAR .

    $default  reduce using rule 96 (expr)


State 124

   69 expr: expr comma_token . expr
   70     | LPAR expr comma_token . expr RPAR

    LPAR     shift, and go to state 34
    MINUS    shift, and go to state 35
    NOT      shift, and go to state 36
    PLUS     shift, and go to state 37
    CHRLIT   shift, and go to state 40
    REALLIT  shift, and go to state 41
    INTLIT   shift, and go to state 42
    ID       shift, and go to state 18

    id_token     go to state 46
    plus_token   go to state 49
    minus_token  go to state 50
    not_token    go to state 51
    expr         go to state 151


State 125

   97 expr: id_token LPAR error . RPAR

    RPAR  shift, and go to state 152


State 126

   90 expr: id_token LPAR RPAR .

    $default  reduce using rule 90 (expr)


State 127

   68 expr: expr . assign_token expr
   69     | expr . comma_token expr
   71     | expr . plus_token expr
   72     | expr . minus_token expr
   73     | expr . mul_token expr
   74     | expr . div_token expr
   75     | expr . mod_token expr
   76     | expr . or_token expr
   77     | expr . and_token expr
   78     | expr . bitwiseand_token expr
   79     | expr . bitwiseor_token expr
   80     | expr . bitwisexor_token expr
   81     | expr . eq_token expr
   82     | expr . ne_token expr
   83     | expr . le_token expr
   84     | expr . ge_token expr
   85     | expr . lt_token expr
   86     | expr . gt_token expr
   91     | id_token LPAR expr . RPAR

    BITWISEAND  shift, and go to state 77
    BITWISEOR   shift, and go to state 78
    BITWISEXOR  shift, and go to state 79
    AND         shift, and go to state 80
    ASSIGN      shift, and go to state 81
    MUL         shift, and go to state 82
    COMMA       shift, and go to state 83
    DIV         shift, and go to state 84
    EQ          shift, and go to state 85
    GE          shift, and go to state 86
    GT          shift, and go to state 87
    LE          shift, and go to state 88
    LT          shift, and go to state 89
    MINUS       shift, and go to state 35
    MOD         shift, and go to state 90
    NE          shift, and go to state 91
    OR          shift, and go to state 92
    PLUS        shift, and go to state 37
    RPAR        shift, and go to state 153

    plus_token        go to state 94
    minus_token       go to state 95
    mul_token         go to state 96
    div_token         go to state 97
    mod_token         go to state 98
    or_token          go to state 99
    and_token         go to state 100
    bitwiseand_token  go to state 101
    bitwiseor_token   go to state 102
    bitwisexor_token  go to state 103
    eq_token          go to state 104
    ne_token          go to state 105
    le_token          go to state 106
    ge_token          go to state 107
    lt_token          go to state 108
    gt_token          go to state 109
    assign_token      go to state 110
    comma_token       go to state 111


State 128

   42 statement: return_token expr SEMI .

    $default  reduce using rule 42 (statement)


State 129

   68 expr: expr . assign_token expr
   69     | expr . comma_token expr
   71     | expr . plus_token expr
   71     | expr plus_token expr .
   72     | expr . minus_token expr
   73     | expr . mul_token expr
   74     | expr . div_token expr
   75     | expr . mod_token expr
   76     | expr . or_token expr
   77     | expr . and_token expr
   78     | expr . bitwiseand_token expr
   79     | expr . bitwiseor_token expr
   80     | expr . bitwisexor_token expr
   81     | expr . eq_token expr
   82     | expr . ne_token expr
   83     | expr . le_token expr
   84     | expr . ge_token expr
   85     | expr . lt_token expr
   86     | expr . gt_token expr

    MUL  shift, and go to state 82
    DIV  shift, and go to state 84
    MOD  shift, and go to state 90

    $default  reduce using rule 71 (expr)

    plus_token        go to state 94
    minus_token       go to state 95
    mul_token         go to state 96
    div_token         go to state 97
    mod_token         go to state 98
    or_token          go to state 99
    and_token         go to state 100
    bitwiseand_token  go to state 101
    bitwiseor_token   go to state 102
    bitwisexor_token  go to state 103
    eq_token          go to state 104
    ne_token          go to state 105
    le_token          go to state 106
    ge_token          go to state 107
    lt_token          go to state 108
    gt_token          go to state 109
    assign_token      go to state 110
    comma_token       go to state 111


State 130

   68 expr: expr . assign_token expr
   69     | expr . comma_token expr
   71     | expr . plus_token expr
   72     | expr . minus_token expr
   72     | expr minus_token expr .
   73     | expr . mul_token expr
   74     | expr . div_token expr
   75     | expr . mod_token expr
   76     | expr . or_token expr
   77     | expr . and_token expr
   78     | expr . bitwiseand_token expr
   79     | expr . bitwiseor_token expr
   80     | expr . bitwisexor_token expr
   81     | expr . eq_token expr
   82     | expr . ne_token expr
   83     | expr . le_token expr
   84     | expr . ge_token expr
   85     | expr . lt_token expr
   86     | expr . gt_token expr

    MUL  shift, and go to state 82
    DIV  shift, and go to state 84
    MOD  shift, and go to state 90

    $default  reduce using rule 72 (expr)

    plus_token        go to state 94
    minus_token       go to state 95
    mul_token         go to state 96
    div_token         go to state 97
    mod_token         go to state 98
    or_token          go to state 99
    and_token         go to state 100
    bitwiseand_token  go to state 101
    bitwiseor_token   go to state 102
    bitwisexor_token  go to state 103
    eq_token          go to state 104
    ne_token          go to state 105
    le_token          go to state 106
    ge_token          go to state 107
    lt_token          go to state 108
    gt_token          go to state 109
    assign_token      go to state 110
    comma_token       go to state 111


State 131

   68 expr: expr . assign_token expr
   69     | expr . comma_token expr
   71     | expr . plus_token expr
   72     | expr . minus_token expr
   73     | expr . mul_token expr
   73     | expr mul_token expr .
   74     | expr . div_token expr
   75     | expr . mod_token expr
   76     | expr . or_token expr
   77     | expr . and_token expr
   78     | expr . bitwiseand_token expr
   79     | expr . bitwiseor_token expr
   80     | expr . bitwisexor_token expr
   81     | expr . eq_token expr
   82     | expr . ne_token expr
   83     | expr . le_token expr
   84     | expr . ge_token expr
   85     | expr . lt_token expr
   86     | expr . gt_token expr

    $default  reduce using rule 73 (expr)

    plus_token        go to state 94
    minus_token       go to state 95
    mul_token         go to state 96
    div_token         go to state 97
    mod_token         go to state 98
    or_token          go to state 99
    and_token         go to state 100
    bitwiseand_token  go to state 101
    bitwiseor_token   go to state 102
    bitwisexor_token  go to state 103
    eq_token          go to state 104
    ne_token          go to state 105
    le_token          go to state 106
    ge_token          go to state 107
    lt_token          go to state 108
    gt_token          go to state 109
    assign_token      go to state 110
    comma_token       go to state 111


State 132

   68 expr: expr . assign_token expr
   69     | expr . comma_token expr
   71     | expr . plus_token expr
   72     | expr . minus_token expr
   73     | expr . mul_token expr
   74     | expr . div_token expr
   74     | expr div_token expr .
   75     | expr . mod_token expr
   76     | expr . or_token expr
   77     | expr . and_token expr
   78     | expr . bitwiseand_token expr
   79     | expr . bitwiseor_token expr
   80     | expr . bitwisexor_token expr
   81     | expr . eq_token expr
   82     | expr . ne_token expr
   83     | expr . le_token expr
   84     | expr . ge_token expr
   85     | expr . lt_token expr
   86     | expr . gt_token expr

    $default  reduce using rule 74 (expr)

    plus_token        go to state 94
    minus_token       go to state 95
    mul_token         go to state 96
    div_token         go to state 97
    mod_token         go to state 98
    or_token          go to state 99
    and_token         go to state 100
    bitwiseand_token  go to state 101
    bitwiseor_token   go to state 102
    bitwisexor_token  go to state 103
    eq_token          go to state 104
    ne_token          go to state 105
    le_token          go to state 106
    ge_token          go to state 107
    lt_token          go to state 108
    gt_token          go to state 109
    assign_token      go to state 110
    comma_token       go to state 111


State 133

   68 expr: expr . assign_token expr
   69     | expr . comma_token expr
   71     | expr . plus_token expr
   72     | expr . minus_token expr
   73     | expr . mul_token expr
   74     | expr . div_token expr
   75     | expr . mod_token expr
   75     | expr mod_token expr .
   76     | expr . or_token expr
   77     | expr . and_token expr
   78     | expr . bitwiseand_token expr
   79     | expr . bitwiseor_token expr
   80     | expr . bitwisexor_token expr
   81     | expr . eq_token expr
   82     | expr . ne_token expr
   83     | expr . le_token expr
   84     | expr . ge_token expr
   85     | expr . lt_token expr
   86     | expr . gt_token expr

    $default  reduce using rule 75 (expr)

    plus_token        go to state 94
    minus_token       go to state 95
    mul_token         go to state 96
    div_token         go to state 97
    mod_token         go to state 98
    or_token          go to state 99
    and_token         go to state 100
    bitwiseand_token  go to state 101
    bitwiseor_token   go to state 102
    bitwisexor_token  go to state 103
    eq_token          go to state 104
    ne_token          go to state 105
    le_token          go to state 106
    ge_token          go to state 107
    lt_token          go to state 108
    gt_token          go to state 109
    assign_token      go to state 110
    comma_token       go to state 111


State 134

   68 expr: expr . assign_token expr
   69     | expr . comma_token expr
   71     | expr . plus_token expr
   72     | expr . minus_token expr
   73     | expr . mul_token expr
   74     | expr . div_token expr
   75     | expr . mod_token expr
   76     | expr . or_token expr
   76     | expr or_token expr .
   77     | expr . and_token expr
   78     | expr . bitwiseand_token expr
   79     | expr . bitwiseor_token expr
   80     | expr . bitwisexor_token expr
   81     | expr . eq_token expr
   82     | expr . ne_token expr
   83     | expr . le_token expr
   84     | expr . ge_token expr
   85     | expr . lt_token expr
   86     | expr . gt_token expr

    BITWISEAND  shift, and go to state 77
    BITWISEOR   shift, and go to state 78
    BITWISEXOR  shift, and go to state 79
    AND         shift, and go to state 80
    MUL         shift, and go to state 82
    DIV         shift, and go to state 84
    EQ          shift, and go to state 85
    GE          shift, and go to state 86
    GT          shift, and go to state 87
    LE          shift, and go to state 88
    LT          shift, and go to state 89
    MINUS       shift, and go to state 35
    MOD         shift, and go to state 90
    NE          shift, and go to state 91
    PLUS        shift, and go to state 37

    $default  reduce using rule 76 (expr)

    plus_token        go to state 94
    minus_token       go to state 95
    mul_token         go to state 96
    div_token         go to state 97
    mod_token         go to state 98
    or_token          go to state 99
    and_token         go to state 100
    bitwiseand_token  go to state 101
    bitwiseor_token   go to state 102
    bitwisexor_token  go to state 103
    eq_token          go to state 104
    ne_token          go to state 105
    le_token          go to state 106
    ge_token          go to state 107
    lt_token          go to state 108
    gt_token          go to state 109
    assign_token      go to state 110
    comma_token       go to state 111


State 135

   68 expr: expr . assign_token expr
   69     | expr . comma_token expr
   71     | expr . plus_token expr
   72     | expr . minus_token expr
   73     | expr . mul_token expr
   74     | expr . div_token expr
   75     | expr . mod_token expr
   76     | expr . or_token expr
   77     | expr . and_token expr
   77     | expr and_token expr .
   78     | expr . bitwiseand_token expr
   79     | expr . bitwiseor_token expr
   80     | expr . bitwisexor_token expr
   81     | expr . eq_token expr
   82     | expr . ne_token expr
   83     | expr . le_token expr
   84     | expr . ge_token expr
   85     | expr . lt_token expr
   86     | expr . gt_token expr

    BITWISEAND  shift, and go to state 77
    BITWISEOR   shift, and go to state 78
    BITWISEXOR  shift, and go to state 79
    MUL         shift, and go to state 82
    DIV         shift, and go to state 84
    EQ          shift, and go to state 85
    GE          shift, and go to state 86
    GT          shift, and go to state 87
    LE          shift, and go to state 88
    LT          shift, and go to state 89
    MINUS       shift, and go to state 35
    MOD         shift, and go to state 90
    NE          shift, and go to state 91
    PLUS        shift, and go to state 37

    $default  reduce using rule 77 (expr)

    plus_token        go to state 94
    minus_token       go to state 95
    mul_token         go to state 96
    div_token         go to state 97
    mod_token         go to state 98
    or_token          go to state 99
    and_token         go to state 100
    bitwiseand_token  go to state 101
    bitwiseor_token   go to state 102
    bitwisexor_token  go to state 103
    eq_token          go to state 104
    ne_token          go to state 105
    le_token          go to state 106
    ge_token          go to state 107
    lt_token          go to state 108
    gt_token          go to state 109
    assign_token      go to state 110
    comma_token       go to state 111


State 136

   68 expr: expr . assign_token expr
   69     | expr . comma_token expr
   71     | expr . plus_token expr
   72     | expr . minus_token expr
   73     | expr . mul_token expr
   74     | expr . div_token expr
   75     | expr . mod_token expr
   76     | expr . or_token expr
   77     | expr . and_token expr
   78     | expr . bitwiseand_token expr
   78     | expr bitwiseand_token expr .
   79     | expr . bitwiseor_token expr
   80     | expr . bitwisexor_token expr
   81     | expr . eq_token expr
   82     | expr . ne_token expr
   83     | expr . le_token expr
   84     | expr . ge_token expr
   85     | expr . lt_token expr
   86     | expr . gt_token expr

    MUL    shift, and go to state 82
    DIV    shift, and go to state 84
    EQ     shift, and go to state 85
    GE     shift, and go to state 86
    GT     shift, and go to state 87
    LE     shift, and go to state 88
    LT     shift, and go to state 89
    MINUS  shift, and go to state 35
    MOD    shift, and go to state 90
    NE     shift, and go to state 91
    PLUS   shift, and go to state 37

    $default  reduce using rule 78 (expr)

    plus_token        go to state 94
    minus_token       go to state 95
    mul_token         go to state 96
    div_token         go to state 97
    mod_token         go to state 98
    or_token          go to state 99
    and_token         go to state 100
    bitwiseand_token  go to state 101
    bitwiseor_token   go to state 102
    bitwisexor_token  go to state 103
    eq_token          go to state 104
    ne_token          go to state 105
    le_token          go to state 106
    ge_token          go to state 107
    lt_token          go to state 108
    gt_token          go to state 109
    assign_token      go to state 110
    comma_token       go to state 111


State 137

   68 expr: expr . assign_token expr
   69     | expr . comma_token expr
   71     | expr . plus_token expr
   72     | expr . minus_token expr
   73     | expr . mul_token expr
   74     | expr . div_token expr
   75     | expr . mod_token expr
   76     | expr . or_token expr
   77     | expr . and_token expr
   78     | expr . bitwiseand_token expr
   79     | expr . bitwiseor_token expr
   79     | expr bitwiseor_token expr .
   80     | expr . bitwisexor_token expr
   81     | expr . eq_token expr
   82     | expr . ne_token expr
   83     | expr . le_token expr
   84     | expr . ge_token expr
   85     | expr . lt_token expr
   86     | expr . gt_token expr

    BITWISEAND  shift, and go to state 77
    BITWISEXOR  shift, and go to state 79
    MUL         shift, and go to state 82
    DIV         shift, and go to state 84
    EQ          shift, and go to state 85
    GE          shift, and go to state 86
    GT          shift, and go to state 87
    LE          shift, and go to state 88
    LT          shift, and go to state 89
    MINUS       shift, and go to state 35
    MOD         shift, and go to state 90
    NE          shift, and go to state 91
    PLUS        shift, and go to state 37

    $default  reduce using rule 79 (expr)

    plus_token        go to state 94
    minus_token       go to state 95
    mul_token         go to state 96
    div_token         go to state 97
    mod_token         go to state 98
    or_token          go to state 99
    and_token         go to state 100
    bitwiseand_token  go to state 101
    bitwiseor_token   go to state 102
    bitwisexor_token  go to state 103
    eq_token          go to state 104
    ne_token          go to state 105
    le_token          go to state 106
    ge_token          go to state 107
    lt_token          go to state 108
    gt_token          go to state 109
    assign_token      go to state 110
    comma_token       go to state 111


State 138

   68 expr: expr . assign_token expr
   69     | expr . comma_token expr
   71     | expr . plus_token expr
   72     | expr . minus_token expr
   73     | expr . mul_token expr
   74     | expr . div_token expr
   75     | expr . mod_token expr
   76     | expr . or_token expr
   77     | expr . and_token expr
   78     | expr . bitwiseand_token expr
   79     | expr . bitwiseor_token expr
   80     | expr . bitwisexor_token expr
   80     | expr bitwisexor_token expr .
   81     | expr . eq_token expr
   82     | expr . ne_token expr
   83     | expr . le_token expr
   84     | expr . ge_token expr
   85     | expr . lt_token expr
   86     | expr . gt_token expr

    BITWISEAND  shift, and go to state 77
    MUL         shift, and go to state 82
    DIV         shift, and go to state 84
    EQ          shift, and go to state 85
    GE          shift, and go to state 86
    GT          shift, and go to state 87
    LE          shift, and go to state 88
    LT          shift, and go to state 89
    MINUS       shift, and go to state 35
    MOD         shift, and go to state 90
    NE          shift, and go to state 91
    PLUS        shift, and go to state 37

    $default  reduce using rule 80 (expr)

    plus_token        go to state 94
    minus_token       go to state 95
    mul_token         go to state 96
    div_token         go to state 97
    mod_token         go to state 98
    or_token          go to state 99
    and_token         go to state 100
    bitwiseand_token  go to state 101
    bitwiseor_token   go to state 102
    bitwisexor_token  go to state 103
    eq_token          go to state 104
    ne_token          go to state 105
    le_token          go to state 106
    ge_token          go to state 107
    lt_token          go to state 108
    gt_token          go to state 109
    assign_token      go to state 110
    comma_token       go to state 111


State 139

   68 expr: expr . assign_token expr
   69     | expr . comma_token expr
   71     | expr . plus_token expr
   72     | expr . minus_token expr
   73     | expr . mul_token expr
   74     | expr . div_token expr
   75     | expr . mod_token expr
   76     | expr . or_token expr
   77     | expr . and_token expr
   78     | expr . bitwiseand_token expr
   79     | expr . bitwiseor_token expr
   80     | expr . bitwisexor_token expr
   81     | expr . eq_token expr
   81     | expr eq_token expr .
   82     | expr . ne_token expr
   83     | expr . le_token expr
   84     | expr . ge_token expr
   85     | expr . lt_token expr
   86     | expr . gt_token expr

    MUL    shift, and go to state 82
    DIV    shift, and go to state 84
    GE     shift, and go to state 86
    GT     shift, and go to state 87
    LE     shift, and go to state 88
    LT     shift, and go to state 89
    MINUS  shift, and go to state 35
    MOD    shift, and go to state 90
    PLUS   shift, and go to state 37

    $default  reduce using rule 81 (expr)

    plus_token        go to state 94
    minus_token       go to state 95
    mul_token         go to state 96
    div_token         go to state 97
    mod_token         go to state 98
    or_token          go to state 99
    and_token         go to state 100
    bitwiseand_token  go to state 101
    bitwiseor_token   go to state 102
    bitwisexor_token  go to state 103
    eq_token          go to state 104
    ne_token          go to state 105
    le_token          go to state 106
    ge_token          go to state 107
    lt_token          go to state 108
    gt_token          go to state 109
    assign_token      go to state 110
    comma_token       go to state 111


State 140

   68 expr: expr . assign_token expr
   69     | expr . comma_token expr
   71     | expr . plus_token expr
   72     | expr . minus_token expr
   73     | expr . mul_token expr
   74     | expr . div_token expr
   75     | expr . mod_token expr
   76     | expr . or_token expr
   77     | expr . and_token expr
   78     | expr . bitwiseand_token expr
   79     | expr . bitwiseor_token expr
   80     | expr . bitwisexor_token expr
   81     | expr . eq_token expr
   82     | expr . ne_token expr
   82     | expr ne_token expr .
   83     | expr . le_token expr
   84     | expr . ge_token expr
   85     | expr . lt_token expr
   86     | expr . gt_token expr

    MUL    shift, and go to state 82
    DIV    shift, and go to state 84
    GE     shift, and go to state 86
    GT     shift, and go to state 87
    LE     shift, and go to state 88
    LT     shift, and go to state 89
    MINUS  shift, and go to state 35
    MOD    shift, and go to state 90
    PLUS   shift, and go to state 37

    $default  reduce using rule 82 (expr)

    plus_token        go to state 94
    minus_token       go to state 95
    mul_token         go to state 96
    div_token         go to state 97
    mod_token         go to state 98
    or_token          go to state 99
    and_token         go to state 100
    bitwiseand_token  go to state 101
    bitwiseor_token   go to state 102
    bitwisexor_token  go to state 103
    eq_token          go to state 104
    ne_token          go to state 105
    le_token          go to state 106
    ge_token          go to state 107
    lt_token          go to state 108
    gt_token          go to state 109
    assign_token      go to state 110
    comma_token       go to state 111


State 141

   68 expr: expr . assign_token expr
   69     | expr . comma_token expr
   71     | expr . plus_token expr
   72     | expr . minus_token expr
   73     | expr . mul_token expr
   74     | expr . div_token expr
   75     | expr . mod_token expr
   76     | expr . or_token expr
   77     | expr . and_token expr
   78     | expr . bitwiseand_token expr
   79     | expr . bitwiseor_token expr
   80     | expr . bitwisexor_token expr
   81     | expr . eq_token expr
   82     | expr . ne_token expr
   83     | expr . le_token expr
   83     | expr le_token expr .
   84     | expr . ge_token expr
   85     | expr . lt_token expr
   86     | expr . gt_token expr

    MUL    shift, and go to state 82
    DIV    shift, and go to state 84
    MINUS  shift, and go to state 35
    MOD    shift, and go to state 90
    PLUS   shift, and go to state 37

    $default  reduce using rule 83 (expr)

    plus_token        go to state 94
    minus_token       go to state 95
    mul_token         go to state 96
    div_token         go to state 97
    mod_token         go to state 98
    or_token          go to state 99
    and_token         go to state 100
    bitwiseand_token  go to state 101
    bitwiseor_token   go to state 102
    bitwisexor_token  go to state 103
    eq_token          go to state 104
    ne_token          go to state 105
    le_token          go to state 106
    ge_token          go to state 107
    lt_token          go to state 108
    gt_token          go to state 109
    assign_token      go to state 110
    comma_token       go to state 111


State 142

   68 expr: expr . assign_token expr
   69     | expr . comma_token expr
   71     | expr . plus_token expr
   72     | expr . minus_token expr
   73     | expr . mul_token expr
   74     | expr . div_token expr
   75     | expr . mod_token expr
   76     | expr . or_token expr
   77     | expr . and_token expr
   78     | expr . bitwiseand_token expr
   79     | expr . bitwiseor_token expr
   80     | expr . bitwisexor_token expr
   81     | expr . eq_token expr
   82     | expr . ne_token expr
   83     | expr . le_token expr
   84     | expr . ge_token expr
   84     | expr ge_token expr .
   85     | expr . lt_token expr
   86     | expr . gt_token expr

    MUL    shift, and go to state 82
    DIV    shift, and go to state 84
    MINUS  shift, and go to state 35
    MOD    shift, and go to state 90
    PLUS   shift, and go to state 37

    $default  reduce using rule 84 (expr)

    plus_token        go to state 94
    minus_token       go to state 95
    mul_token         go to state 96
    div_token         go to state 97
    mod_token         go to state 98
    or_token          go to state 99
    and_token         go to state 100
    bitwiseand_token  go to state 101
    bitwiseor_token   go to state 102
    bitwisexor_token  go to state 103
    eq_token          go to state 104
    ne_token          go to state 105
    le_token          go to state 106
    ge_token          go to state 107
    lt_token          go to state 108
    gt_token          go to state 109
    assign_token      go to state 110
    comma_token       go to state 111


State 143

   68 expr: expr . assign_token expr
   69     | expr . comma_token expr
   71     | expr . plus_token expr
   72     | expr . minus_token expr
   73     | expr . mul_token expr
   74     | expr . div_token expr
   75     | expr . mod_token expr
   76     | expr . or_token expr
   77     | expr . and_token expr
   78     | expr . bitwiseand_token expr
   79     | expr . bitwiseor_token expr
   80     | expr . bitwisexor_token expr
   81     | expr . eq_token expr
   82     | expr . ne_token expr
   83     | expr . le_token expr
   84     | expr . ge_token expr
   85     | expr . lt_token expr
   85     | expr lt_token expr .
   86     | expr . gt_token expr

    MUL    shift, and go to state 82
    DIV    shift, and go to state 84
    MINUS  shift, and go to state 35
    MOD    shift, and go to state 90
    PLUS   shift, and go to state 37

    $default  reduce using rule 85 (expr)

    plus_token        go to state 94
    minus_token       go to state 95
    mul_token         go to state 96
    div_token         go to state 97
    mod_token         go to state 98
    or_token          go to state 99
    and_token         go to state 100
    bitwiseand_token  go to state 101
    bitwiseor_token   go to state 102
    bitwisexor_token  go to state 103
    eq_token          go to state 104
    ne_token          go to state 105
    le_token          go to state 106
    ge_token          go to state 107
    lt_token          go to state 108
    gt_token          go to state 109
    assign_token      go to state 110
    comma_token       go to state 111


State 144

   68 expr: expr . assign_token expr
   69     | expr . comma_token expr
   71     | expr . plus_token expr
   72     | expr . minus_token expr
   73     | expr . mul_token expr
   74     | expr . div_token expr
   75     | expr . mod_token expr
   76     | expr . or_token expr
   77     | expr . and_token expr
   78     | expr . bitwiseand_token expr
   79     | expr . bitwiseor_token expr
   80     | expr . bitwisexor_token expr
   81     | expr . eq_token expr
   82     | expr . ne_token expr
   83     | expr . le_token expr
   84     | expr . ge_token expr
   85     | expr . lt_token expr
   86     | expr . gt_token expr
   86     | expr gt_token expr .

    MUL    shift, and go to state 82
    DIV    shift, and go to state 84
    MINUS  shift, and go to state 35
    MOD    shift, and go to state 90
    PLUS   shift, and go to state 37

    $default  reduce using rule 86 (expr)

    plus_token        go to state 94
    minus_token       go to state 95
    mul_token         go to state 96
    div_token         go to state 97
    mod_token         go to state 98
    or_token          go to state 99
    and_token         go to state 100
    bitwiseand_token  go to state 101
    bitwiseor_token   go to state 102
    bitwisexor_token  go to state 103
    eq_token          go to state 104
    ne_token          go to state 105
    le_token          go to state 106
    ge_token          go to state 107
    lt_token          go to state 108
    gt_token          go to state 109
    assign_token      go to state 110
    comma_token       go to state 111


State 145

   68 expr: expr . assign_token expr
   68     | expr assign_token expr .
   69     | expr . comma_token expr
   71     | expr . plus_token expr
   72     | expr . minus_token expr
   73     | expr . mul_token expr
   74     | expr . div_token expr
   75     | expr . mod_token expr
   76     | expr . or_token expr
   77     | expr . and_token expr
   78     | expr . bitwiseand_token expr
   79     | expr . bitwiseor_token expr
   80     | expr . bitwisexor_token expr
   81     | expr . eq_token expr
   82     | expr . ne_token expr
   83     | expr . le_token expr
   84     | expr . ge_token expr
   85     | expr . lt_token expr
   86     | expr . gt_token expr

    BITWISEAND  shift, and go to state 77
    BITWISEOR   shift, and go to state 78
    BITWISEXOR  shift, and go to state 79
    AND         shift, and go to state 80
    ASSIGN      shift, and go to state 81
    MUL         shift, and go to state 82
    DIV         shift, and go to state 84
    EQ          shift, and go to state 85
    GE          shift, and go to state 86
    GT          shift, and go to state 87
    LE          shift, and go to state 88
    LT          shift, and go to state 89
    MINUS       shift, and go to state 35
    MOD         shift, and go to state 90
    NE          shift, and go to state 91
    OR          shift, and go to state 92
    PLUS        shift, and go to state 37

    $default  reduce using rule 68 (expr)

    plus_token        go to state 94
    minus_token       go to state 95
    mul_token         go to state 96
    div_token         go to state 97
    mod_token         go to state 98
    or_token          go to state 99
    and_token         go to state 100
    bitwiseand_token  go to state 101
    bitwiseor_token   go to state 102
    bitwisexor_token  go to state 103
    eq_token          go to state 104
    ne_token          go to state 105
    le_token          go to state 106
    ge_token          go to state 107
    lt_token          go to state 108
    gt_token          go to state 109
    assign_token      go to state 110
    comma_token       go to state 111


State 146

   68 expr: expr . assign_token expr
   69     | expr . comma_token expr
   69     | expr comma_token expr .
   71     | expr . plus_token expr
   72     | expr . minus_token expr
   73     | expr . mul_token expr
   74     | expr . div_token expr
   75     | expr . mod_token expr
   76     | expr . or_token expr
   77     | expr . and_token expr
   78     | expr . bitwiseand_token expr
   79     | expr . bitwiseor_token expr
   80     | expr . bitwisexor_token expr
   81     | expr . eq_token expr
   82     | expr . ne_token expr
   83     | expr . le_token expr
   84     | expr . ge_token expr
   85     | expr . lt_token expr
   86     | expr . gt_token expr

    BITWISEAND  shift, and go to state 77
    BITWISEOR   shift, and go to state 78
    BITWISEXOR  shift, and go to state 79
    AND         shift, and go to state 80
    ASSIGN      shift, and go to state 81
    MUL         shift, and go to state 82
    DIV         shift, and go to state 84
    EQ          shift, and go to state 85
    GE          shift, and go to state 86
    GT          shift, and go to state 87
    LE          shift, and go to state 88
    LT          shift, and go to state 89
    MINUS       shift, and go to state 35
    MOD         shift, and go to state 90
    NE          shift, and go to state 91
    OR          shift, and go to state 92
    PLUS        shift, and go to state 37

    $default  reduce using rule 69 (expr)

    plus_token        go to state 94
    minus_token       go to state 95
    mul_token         go to state 96
    div_token         go to state 97
    mod_token         go to state 98
    or_token          go to state 99
    and_token         go to state 100
    bitwiseand_token  go to state 101
    bitwiseor_token   go to state 102
    bitwisexor_token  go to state 103
    eq_token          go to state 104
    ne_token          go to state 105
    le_token          go to state 106
    ge_token          go to state 107
    lt_token          go to state 108
    gt_token          go to state 109
    assign_token      go to state 110
    comma_token       go to state 111


State 147

   17 parameterList: parameterList COMMA parameterDeclaration .

    $default  reduce using rule 17 (parameterList)


State 148

   41 statement: WHILE LPAR expr RPAR . statement_error

    error    shift, and go to state 119
    WHILE    shift, and go to state 30
    IF       shift, and go to state 31
    RETURN   shift, and go to state 32
    LBRACE   shift, and go to state 33
    LPAR     shift, and go to state 34
    MINUS    shift, and go to state 35
    NOT      shift, and go to state 36
    PLUS     shift, and go to state 37
    SEMI     shift, and go to state 39
    CHRLIT   shift, and go to state 40
    REALLIT  shift, and go to state 41
    INTLIT   shift, and go to state 42
    ID       shift, and go to state 18

    id_token         go to state 46
    statement        go to state 64
    statement_error  go to state 154
    return_token     go to state 48
    plus_token       go to state 49
    minus_token      go to state 50
    not_token        go to state 51
    expr             go to state 52


State 149

   39 statement: IF LPAR expr RPAR . statement_error ELSE statement_error
   40          | IF LPAR expr RPAR . statement_error

    error    shift, and go to state 119
    WHILE    shift, and go to state 30
    IF       shift, and go to state 31
    RETURN   shift, and go to state 32
    LBRACE   shift, and go to state 33
    LPAR     shift, and go to state 34
    MINUS    shift, and go to state 35
    NOT      shift, and go to state 36
    PLUS     shift, and go to state 37
    SEMI     shift, and go to state 39
    CHRLIT   shift, and go to state 40
    REALLIT  shift, and go to state 41
    INTLIT   shift, and go to state 42
    ID       shift, and go to state 18

    id_token         go to state 46
    statement        go to state 64
    statement_error  go to state 155
    return_token     go to state 48
    plus_token       go to state 49
    minus_token      go to state 50
    not_token        go to state 51
    expr             go to state 52


State 150

   36 statement: LBRACE statementList statement_error RBRACE .

    $default  reduce using rule 36 (statement)


State 151

   68 expr: expr . assign_token expr
   69     | expr . comma_token expr
   69     | expr comma_token expr .
   70     | LPAR expr comma_token expr . RPAR
   71     | expr . plus_token expr
   72     | expr . minus_token expr
   73     | expr . mul_token expr
   74     | expr . div_token expr
   75     | expr . mod_token expr
   76     | expr . or_token expr
   77     | expr . and_token expr
   78     | expr . bitwiseand_token expr
   79     | expr . bitwiseor_token expr
   80     | expr . bitwisexor_token expr
   81     | expr . eq_token expr
   82     | expr . ne_token expr
   83     | expr . le_token expr
   84     | expr . ge_token expr
   85     | expr . lt_token expr
   86     | expr . gt_token expr

    BITWISEAND  shift, and go to state 77
    BITWISEOR   shift, and go to state 78
    BITWISEXOR  shift, and go to state 79
    AND         shift, and go to state 80
    ASSIGN      shift, and go to state 81
    MUL         shift, and go to state 82
    DIV         shift, and go to state 84
    EQ          shift, and go to state 85
    GE          shift, and go to state 86
    GT          shift, and go to state 87
    LE          shift, and go to state 88
    LT          shift, and go to state 89
    MINUS       shift, and go to state 35
    MOD         shift, and go to state 90
    NE          shift, and go to state 91
    OR          shift, and go to state 92
    PLUS        shift, and go to state 37
    RPAR        shift, and go to state 156

    $default  reduce using rule 69 (expr)

    plus_token        go to state 94
    minus_token       go to state 95
    mul_token         go to state 96
    div_token         go to state 97
    mod_token         go to state 98
    or_token          go to state 99
    and_token         go to state 100
    bitwiseand_token  go to state 101
    bitwiseor_token   go to state 102
    bitwisexor_token  go to state 103
    eq_token          go to state 104
    ne_token          go to state 105
    le_token          go to state 106
    ge_token          go to state 107
    lt_token          go to state 108
    gt_token          go to state 109
    assign_token      go to state 110
    comma_token       go to state 111


State 152

   97 expr: id_token LPAR error RPAR .

    $default  reduce using rule 97 (expr)


State 153

   91 expr: id_token LPAR expr RPAR .

    $default  reduce using rule 91 (expr)


State 154

   41 statement: WHILE LPAR expr RPAR statement_error .

    $default  reduce using rule 41 (statement)


State 155

   39 statement: IF LPAR expr RPAR statement_error . ELSE statement_error
   40          | IF LPAR expr RPAR statement_error .

    ELSE  shift, and go to state 157

    $default  reduce using rule 40 (statement)


State 156

   70 expr: LPAR expr comma_token expr RPAR .

    $default  reduce using rule 70 (expr)


State 157

   39 statement: IF LPAR expr RPAR statement_error ELSE . statement_error

    error    shift, and go to state 119
    WHILE    shift, and go to state 30
    IF       shift, and go to state 31
    RETURN   shift, and go to state 32
    LBRACE   shift, and go to state 33
    LPAR     shift, and go to state 34
    MINUS    shift, and go to state 35
    NOT      shift, and go to state 36
    PLUS     shift, and go to state 37
    SEMI     shift, and go to state 39
    CHRLIT   shift, and go to state 40
    REALLIT  shift, and go to state 41
    INTLIT   shift, and go to state 42
    ID       shift, and go to state 18

    id_token         go to state 46
    statement        go to state 64
    statement_error  go to state 158
    return_token     go to state 48
    plus_token       go to state 49
    minus_token      go to state 50
    not_token        go to state 51
    expr             go to state 52


State 158

   39 statement: IF LPAR expr RPAR statement_error ELSE statement_error .

    $default  reduce using rule 39 (statement)
